{"numTotalTestSuites":52,"numPassedTestSuites":51,"numFailedTestSuites":1,"numPendingTestSuites":0,"numTotalTests":103,"numPassedTests":90,"numFailedTests":13,"numPendingTests":0,"numTodoTests":0,"startTime":1764271086718,"success":false,"testResults":[{"assertionResults":[{"ancestorTitles":["","Deployment Monitoring and Health Checks","Deployment Health Monitoring"],"fullName":" Deployment Monitoring and Health Checks Deployment Health Monitoring should monitor deployment success metrics","status":"passed","title":"should monitor deployment success metrics","duration":2,"failureMessages":[]},{"ancestorTitles":["","Deployment Monitoring and Health Checks","Deployment Health Monitoring"],"fullName":" Deployment Monitoring and Health Checks Deployment Health Monitoring should detect deployment failures and alert","status":"passed","title":"should detect deployment failures and alert","duration":0,"failureMessages":[]},{"ancestorTitles":["","Deployment Monitoring and Health Checks","Deployment Health Monitoring"],"fullName":" Deployment Monitoring and Health Checks Deployment Health Monitoring should track deployment performance trends","status":"passed","title":"should track deployment performance trends","duration":1,"failureMessages":[]},{"ancestorTitles":["","Deployment Monitoring and Health Checks","Runtime Health Checks"],"fullName":" Deployment Monitoring and Health Checks Runtime Health Checks should perform application health check","status":"passed","title":"should perform application health check","duration":0,"failureMessages":[]},{"ancestorTitles":["","Deployment Monitoring and Health Checks","Runtime Health Checks"],"fullName":" Deployment Monitoring and Health Checks Runtime Health Checks should detect runtime errors and report them","status":"passed","title":"should detect runtime errors and report them","duration":1,"failureMessages":[]},{"ancestorTitles":["","Deployment Monitoring and Health Checks","Runtime Health Checks"],"fullName":" Deployment Monitoring and Health Checks Runtime Health Checks should monitor asset loading performance","status":"passed","title":"should monitor asset loading performance","duration":0,"failureMessages":[]},{"ancestorTitles":["","Deployment Monitoring and Health Checks","Storage Monitoring"],"fullName":" Deployment Monitoring and Health Checks Storage Monitoring should monitor localStorage usage and health","status":"passed","title":"should monitor localStorage usage and health","duration":1,"failureMessages":[]},{"ancestorTitles":["","Deployment Monitoring and Health Checks","Storage Monitoring"],"fullName":" Deployment Monitoring and Health Checks Storage Monitoring should alert on storage quota approaching limits","status":"passed","title":"should alert on storage quota approaching limits","duration":0,"failureMessages":[]},{"ancestorTitles":["","Deployment Monitoring and Health Checks","User Experience Monitoring"],"fullName":" Deployment Monitoring and Health Checks User Experience Monitoring should track user interaction metrics","status":"passed","title":"should track user interaction metrics","duration":0,"failureMessages":[]},{"ancestorTitles":["","Deployment Monitoring and Health Checks","User Experience Monitoring"],"fullName":" Deployment Monitoring and Health Checks User Experience Monitoring should monitor responsive design effectiveness","status":"passed","title":"should monitor responsive design effectiveness","duration":0,"failureMessages":[]},{"ancestorTitles":["","Deployment Monitoring and Health Checks","Security Monitoring"],"fullName":" Deployment Monitoring and Health Checks Security Monitoring should monitor for security vulnerabilities","status":"passed","title":"should monitor for security vulnerabilities","duration":1,"failureMessages":[]},{"ancestorTitles":["","Deployment Monitoring and Health Checks","Security Monitoring"],"fullName":" Deployment Monitoring and Health Checks Security Monitoring should detect and report XSS attempts","status":"passed","title":"should detect and report XSS attempts","duration":0,"failureMessages":[]},{"ancestorTitles":["","Deployment Monitoring and Health Checks","Alerting and Notifications"],"fullName":" Deployment Monitoring and Health Checks Alerting and Notifications should send critical deployment alerts","status":"passed","title":"should send critical deployment alerts","duration":0,"failureMessages":[]},{"ancestorTitles":["","Deployment Monitoring and Health Checks","Alerting and Notifications"],"fullName":" Deployment Monitoring and Health Checks Alerting and Notifications should provide deployment status dashboard data","status":"passed","title":"should provide deployment status dashboard data","duration":1,"failureMessages":[]}],"startTime":1764303100907,"endTime":1764303100915,"status":"passed","message":"","name":"/workspace/src/deployment/__tests__/deployment-monitoring.test.ts"},{"assertionResults":[{"ancestorTitles":["","GitHub Pages Deployment Edge Cases","GitHub Actions Workflow Edge Cases"],"fullName":" GitHub Pages Deployment Edge Cases GitHub Actions Workflow Edge Cases should handle repository name with special characters","status":"passed","title":"should handle repository name with special characters","duration":1,"failureMessages":[]},{"ancestorTitles":["","GitHub Pages Deployment Edge Cases","GitHub Actions Workflow Edge Cases"],"fullName":" GitHub Pages Deployment Edge Cases GitHub Actions Workflow Edge Cases should handle build timeout scenarios","status":"passed","title":"should handle build timeout scenarios","duration":0,"failureMessages":[]},{"ancestorTitles":["","GitHub Pages Deployment Edge Cases","GitHub Actions Workflow Edge Cases"],"fullName":" GitHub Pages Deployment Edge Cases GitHub Actions Workflow Edge Cases should handle Node.js version update compatibility","status":"passed","title":"should handle Node.js version update compatibility","duration":0,"failureMessages":[]},{"ancestorTitles":["","GitHub Pages Deployment Edge Cases","GitHub Actions Workflow Edge Cases"],"fullName":" GitHub Pages Deployment Edge Cases GitHub Actions Workflow Edge Cases should handle dependency cache corruption","status":"passed","title":"should handle dependency cache corruption","duration":1,"failureMessages":[]},{"ancestorTitles":["","GitHub Pages Deployment Edge Cases","GitHub Actions Workflow Edge Cases"],"fullName":" GitHub Pages Deployment Edge Cases GitHub Actions Workflow Edge Cases should handle concurrent deployment attempts","status":"passed","title":"should handle concurrent deployment attempts","duration":0,"failureMessages":[]},{"ancestorTitles":["","GitHub Pages Deployment Edge Cases","Vite Configuration Edge Cases"],"fullName":" GitHub Pages Deployment Edge Cases Vite Configuration Edge Cases should handle base path configuration for different repository names","status":"passed","title":"should handle base path configuration for different repository names","duration":0,"failureMessages":[]},{"ancestorTitles":["","GitHub Pages Deployment Edge Cases","Vite Configuration Edge Cases"],"fullName":" GitHub Pages Deployment Edge Cases Vite Configuration Edge Cases should handle assets with special characters in filenames","status":"passed","title":"should handle assets with special characters in filenames","duration":1,"failureMessages":[]},{"ancestorTitles":["","GitHub Pages Deployment Edge Cases","Vite Configuration Edge Cases"],"fullName":" GitHub Pages Deployment Edge Cases Vite Configuration Edge Cases should handle very large asset bundle scenarios","status":"passed","title":"should handle very large asset bundle scenarios","duration":0,"failureMessages":[]},{"ancestorTitles":["","GitHub Pages Deployment Edge Cases","Vite Configuration Edge Cases"],"fullName":" GitHub Pages Deployment Edge Cases Vite Configuration Edge Cases should handle source map generation for debugging","status":"passed","title":"should handle source map generation for debugging","duration":0,"failureMessages":[]},{"ancestorTitles":["","GitHub Pages Deployment Edge Cases","404.html Edge Cases"],"fullName":" GitHub Pages Deployment Edge Cases 404.html Edge Cases should handle 404 redirect in production with proper timing","status":"passed","title":"should handle 404 redirect in production with proper timing","duration":0,"failureMessages":[]},{"ancestorTitles":["","GitHub Pages Deployment Edge Cases","404.html Edge Cases"],"fullName":" GitHub Pages Deployment Edge Cases 404.html Edge Cases should have proper styling for 404 page","status":"failed","title":"should have proper styling for 404 page","duration":7,"failureMessages":["expected '<!DOCTYPE html>\\n<html lang=\"en\">\\n  …' to contain '@media'"],"location":{"line":136,"column":31}},{"ancestorTitles":["","GitHub Pages Deployment Edge Cases","404.html Edge Cases"],"fullName":" GitHub Pages Deployment Edge Cases 404.html Edge Cases should have proper accessibility features","status":"passed","title":"should have proper accessibility features","duration":0,"failureMessages":[]},{"ancestorTitles":["","GitHub Pages Deployment Edge Cases","Production Build Error Scenarios"],"fullName":" GitHub Pages Deployment Edge Cases Production Build Error Scenarios should handle TypeScript compilation errors gracefully","status":"passed","title":"should handle TypeScript compilation errors gracefully","duration":1,"failureMessages":[]},{"ancestorTitles":["","GitHub Pages Deployment Edge Cases","Production Build Error Scenarios"],"fullName":" GitHub Pages Deployment Edge Cases Production Build Error Scenarios should handle memory exhaustion during build","status":"passed","title":"should handle memory exhaustion during build","duration":0,"failureMessages":[]},{"ancestorTitles":["","GitHub Pages Deployment Edge Cases","Production Build Error Scenarios"],"fullName":" GitHub Pages Deployment Edge Cases Production Build Error Scenarios should handle missing dependencies scenarios","status":"passed","title":"should handle missing dependencies scenarios","duration":0,"failureMessages":[]},{"ancestorTitles":["","GitHub Pages Deployment Edge Cases","Asset Loading Failure Scenarios"],"fullName":" GitHub Pages Deployment Edge Cases Asset Loading Failure Scenarios should handle CDN unavailability","status":"passed","title":"should handle CDN unavailability","duration":0,"failureMessages":[]},{"ancestorTitles":["","GitHub Pages Deployment Edge Cases","Asset Loading Failure Scenarios"],"fullName":" GitHub Pages Deployment Edge Cases Asset Loading Failure Scenarios should handle asset version mismatches","status":"passed","title":"should handle asset version mismatches","duration":0,"failureMessages":[]},{"ancestorTitles":["","GitHub Pages Deployment Edge Cases","Asset Loading Failure Scenarios"],"fullName":" GitHub Pages Deployment Edge Cases Asset Loading Failure Scenarios should handle mixed content security errors","status":"passed","title":"should handle mixed content security errors","duration":1,"failureMessages":[]},{"ancestorTitles":["","GitHub Pages Deployment Edge Cases","Storage Failure Scenarios in Production"],"fullName":" GitHub Pages Deployment Edge Cases Storage Failure Scenarios in Production should handle localStorage quota exceeded in production","status":"failed","title":"should handle localStorage quota exceeded in production","duration":2,"failureMessages":["Cannot find module '../../services/localStorageService'\nRequire stack:\n- /workspace/src/deployment/__tests__/github-pages-deployment-edge-cases.test.ts"],"location":{"line":328,"column":14}},{"ancestorTitles":["","GitHub Pages Deployment Edge Cases","Storage Failure Scenarios in Production"],"fullName":" GitHub Pages Deployment Edge Cases Storage Failure Scenarios in Production should handle localStorage unavailability in private browsing","status":"failed","title":"should handle localStorage unavailability in private browsing","duration":0,"failureMessages":["Cannot find module '../../services/localStorageService'\nRequire stack:\n- /workspace/src/deployment/__tests__/github-pages-deployment-edge-cases.test.ts"],"location":{"line":328,"column":14}},{"ancestorTitles":["","GitHub Pages Deployment Edge Cases","Network Failure Scenarios"],"fullName":" GitHub Pages Deployment Edge Cases Network Failure Scenarios should handle intermittent network failures during deployment","status":"passed","title":"should handle intermittent network failures during deployment","duration":0,"failureMessages":[]},{"ancestorTitles":["","GitHub Pages Deployment Edge Cases","Network Failure Scenarios"],"fullName":" GitHub Pages Deployment Edge Cases Network Failure Scenarios should handle DNS resolution failures","status":"passed","title":"should handle DNS resolution failures","duration":0,"failureMessages":[]},{"ancestorTitles":["","GitHub Pages Deployment Edge Cases","Security Edge Cases"],"fullName":" GitHub Pages Deployment Edge Cases Security Edge Cases should handle malicious script injection attempts","status":"passed","title":"should handle malicious script injection attempts","duration":0,"failureMessages":[]},{"ancestorTitles":["","GitHub Pages Deployment Edge Cases","Security Edge Cases"],"fullName":" GitHub Pages Deployment Edge Cases Security Edge Cases should handle cross-origin scripting attacks","status":"passed","title":"should handle cross-origin scripting attacks","duration":0,"failureMessages":[]},{"ancestorTitles":["","GitHub Pages Deployment Edge Cases","Performance Edge Cases"],"fullName":" GitHub Pages Deployment Edge Cases Performance Edge Cases should handle slow asset loading","status":"failed","title":"should handle slow asset loading","duration":5001,"failureMessages":["Test timed out in 5000ms.\nIf this is a long-running test, pass a timeout value as the last argument or configure it globally with \"testTimeout\"."]},{"ancestorTitles":["","GitHub Pages Deployment Edge Cases","Performance Edge Cases"],"fullName":" GitHub Pages Deployment Edge Cases Performance Edge Cases should handle memory leaks in production","status":"passed","title":"should handle memory leaks in production","duration":0,"failureMessages":[]},{"ancestorTitles":["","GitHub Pages Deployment Edge Cases","Browser Compatibility Edge Cases"],"fullName":" GitHub Pages Deployment Edge Cases Browser Compatibility Edge Cases should handle legacy browser compatibility","status":"passed","title":"should handle legacy browser compatibility","duration":0,"failureMessages":[]},{"ancestorTitles":["","GitHub Pages Deployment Edge Cases","Browser Compatibility Edge Cases"],"fullName":" GitHub Pages Deployment Edge Cases Browser Compatibility Edge Cases should handle mobile browser limitations","status":"failed","title":"should handle mobile browser limitations","duration":1,"failureMessages":["Cannot find module '../../services/localStorageService'\nRequire stack:\n- /workspace/src/deployment/__tests__/github-pages-deployment-edge-cases.test.ts"],"location":{"line":328,"column":14}},{"ancestorTitles":["","GitHub Pages Deployment Edge Cases","Rollback and Recovery Edge Cases"],"fullName":" GitHub Pages Deployment Edge Cases Rollback and Recovery Edge Cases should handle rollback to previous working deployment","status":"passed","title":"should handle rollback to previous working deployment","duration":0,"failureMessages":[]},{"ancestorTitles":["","GitHub Pages Deployment Edge Cases","Rollback and Recovery Edge Cases"],"fullName":" GitHub Pages Deployment Edge Cases Rollback and Recovery Edge Cases should handle partial deployment failures","status":"passed","title":"should handle partial deployment failures","duration":0,"failureMessages":[]}],"startTime":1764303092712,"endTime":1764303097729,"status":"failed","message":"","name":"/workspace/src/deployment/__tests__/github-pages-deployment-edge-cases.test.ts"},{"assertionResults":[{"ancestorTitles":["","AC3: All static assets load correctly in production environment","CSS Stylesheets Loading"],"fullName":" AC3: All static assets load correctly in production environment CSS Stylesheets Loading should load main CSS bundle successfully","status":"passed","title":"should load main CSS bundle successfully","duration":2,"failureMessages":[]},{"ancestorTitles":["","AC3: All static assets load correctly in production environment","CSS Stylesheets Loading"],"fullName":" AC3: All static assets load correctly in production environment CSS Stylesheets Loading should load vendor CSS dependencies","status":"passed","title":"should load vendor CSS dependencies","duration":0,"failureMessages":[]},{"ancestorTitles":["","AC3: All static assets load correctly in production environment","CSS Stylesheets Loading"],"fullName":" AC3: All static assets load correctly in production environment CSS Stylesheets Loading should have CSS that loads without 404 errors","status":"passed","title":"should have CSS that loads without 404 errors","duration":1,"failureMessages":[]},{"ancestorTitles":["","AC3: All static assets load correctly in production environment","JavaScript Bundles Loading"],"fullName":" AC3: All static assets load correctly in production environment JavaScript Bundles Loading should load main JavaScript bundle successfully","status":"passed","title":"should load main JavaScript bundle successfully","duration":1,"failureMessages":[]},{"ancestorTitles":["","AC3: All static assets load correctly in production environment","JavaScript Bundles Loading"],"fullName":" AC3: All static assets load correctly in production environment JavaScript Bundles Loading should have properly compressed JavaScript bundles","status":"passed","title":"should have properly compressed JavaScript bundles","duration":0,"failureMessages":[]},{"ancestorTitles":["","AC3: All static assets load correctly in production environment","JavaScript Bundles Loading"],"fullName":" AC3: All static assets load correctly in production environment JavaScript Bundles Loading should load vendor JavaScript dependencies","status":"passed","title":"should load vendor JavaScript dependencies","duration":1,"failureMessages":[]},{"ancestorTitles":["","AC3: All static assets load correctly in production environment","Images and Media Assets"],"fullName":" AC3: All static assets load correctly in production environment Images and Media Assets should load application icon/favicon","status":"passed","title":"should load application icon/favicon","duration":0,"failureMessages":[]},{"ancestorTitles":["","AC3: All static assets load correctly in production environment","Images and Media Assets"],"fullName":" AC3: All static assets load correctly in production environment Images and Media Assets should load any required images for the application","status":"passed","title":"should load any required images for the application","duration":0,"failureMessages":[]},{"ancestorTitles":["","AC3: All static assets load correctly in production environment","Images and Media Assets"],"fullName":" AC3: All static assets load correctly in production environment Images and Media Assets should have responsive image variants","status":"passed","title":"should have responsive image variants","duration":0,"failureMessages":[]},{"ancestorTitles":["","AC3: All static assets load correctly in production environment","Asset Path Resolution"],"fullName":" AC3: All static assets load correctly in production environment Asset Path Resolution should resolve relative asset paths correctly in GitHub Pages","status":"passed","title":"should resolve relative asset paths correctly in GitHub Pages","duration":0,"failureMessages":[]},{"ancestorTitles":["","AC3: All static assets load correctly in production environment","Asset Path Resolution"],"fullName":" AC3: All static assets load correctly in production environment Asset Path Resolution should handle asset loading in subdirectory deployment","status":"passed","title":"should handle asset loading in subdirectory deployment","duration":0,"failureMessages":[]},{"ancestorTitles":["","AC3: All static assets load correctly in production environment","Asset Performance Optimization"],"fullName":" AC3: All static assets load correctly in production environment Asset Performance Optimization should have proper caching headers for static assets","status":"passed","title":"should have proper caching headers for static assets","duration":1,"failureMessages":[]},{"ancestorTitles":["","AC3: All static assets load correctly in production environment","Asset Performance Optimization"],"fullName":" AC3: All static assets load correctly in production environment Asset Performance Optimization should serve assets from CDN edge locations","status":"failed","title":"should serve assets from CDN edge locations","duration":4,"failureMessages":["Cannot read properties of undefined (reading 'headers')"],"location":{"line":359,"column":23}},{"ancestorTitles":["","AC3: All static assets load correctly in production environment","Asset Performance Optimization"],"fullName":" AC3: All static assets load correctly in production environment Asset Performance Optimization should have preloaded critical assets","status":"passed","title":"should have preloaded critical assets","duration":1,"failureMessages":[]},{"ancestorTitles":["","AC3: All static assets load correctly in production environment","Error Handling for Asset Loading"],"fullName":" AC3: All static assets load correctly in production environment Error Handling for Asset Loading should handle missing assets gracefully","status":"passed","title":"should handle missing assets gracefully","duration":0,"failureMessages":[]},{"ancestorTitles":["","AC3: All static assets load correctly in production environment","Error Handling for Asset Loading"],"fullName":" AC3: All static assets load correctly in production environment Error Handling for Asset Loading should have fallback for critical assets","status":"passed","title":"should have fallback for critical assets","duration":1,"failureMessages":[]}],"startTime":1764303099628,"endTime":1764303099641,"status":"failed","message":"","name":"/workspace/src/deployment/__tests__/static-assets.test.ts"},{"assertionResults":[{"ancestorTitles":["","AC5: Local storage functionality works in deployed environment","HTTPS Environment LocalStorage Access"],"fullName":" AC5: Local storage functionality works in deployed environment HTTPS Environment LocalStorage Access should detect localStorage availability in HTTPS production environment","status":"passed","title":"should detect localStorage availability in HTTPS production environment","duration":10,"failureMessages":[]},{"ancestorTitles":["","AC5: Local storage functionality works in deployed environment","HTTPS Environment LocalStorage Access"],"fullName":" AC5: Local storage functionality works in deployed environment HTTPS Environment LocalStorage Access should operate correctly with HTTPS security context","status":"passed","title":"should operate correctly with HTTPS security context","duration":6,"failureMessages":[]},{"ancestorTitles":["","AC5: Local storage functionality works in deployed environment","HTTPS Environment LocalStorage Access"],"fullName":" AC5: Local storage functionality works in deployed environment HTTPS Environment LocalStorage Access should handle secure context restrictions properly","status":"failed","title":"should handle secure context restrictions properly","duration":9,"failureMessages":["expected { type: 'SECURITY_ERROR', …(2) } to deeply equal { type: 'SECURITY_ERROR', …(2) }"],"location":{"line":85,"column":22}},{"ancestorTitles":["","AC5: Local storage functionality works in deployed environment","Cross-Origin and iframe Context Handling"],"fullName":" AC5: Local storage functionality works in deployed environment Cross-Origin and iframe Context Handling should detect when running in iframe context","status":"failed","title":"should detect when running in iframe context","duration":7,"failureMessages":["Cannot redefine property: top"],"location":{"line":97,"column":14}},{"ancestorTitles":["","AC5: Local storage functionality works in deployed environment","Cross-Origin and iframe Context Handling"],"fullName":" AC5: Local storage functionality works in deployed environment Cross-Origin and iframe Context Handling should handle storage access in third-party context restrictions","status":"passed","title":"should handle storage access in third-party context restrictions","duration":4,"failureMessages":[]},{"ancestorTitles":["","AC5: Local storage functionality works in deployed environment","Storage Persistence and Data Integrity"],"fullName":" AC5: Local storage functionality works in deployed environment Storage Persistence and Data Integrity should maintain data persistence across page reloads in production","status":"passed","title":"should maintain data persistence across page reloads in production","duration":4,"failureMessages":[]},{"ancestorTitles":["","AC5: Local storage functionality works in deployed environment","Storage Persistence and Data Integrity"],"fullName":" AC5: Local storage functionality works in deployed environment Storage Persistence and Data Integrity should handle storage quota limitations in production browser contexts","status":"failed","title":"should handle storage quota limitations in production browser contexts","duration":5,"failureMessages":["expected { type: 'SECURITY_ERROR', …(2) } to deeply equal { type: 'QUOTA_EXCEEDED', …(2) }"],"location":{"line":169,"column":22}},{"ancestorTitles":["","AC5: Local storage functionality works in deployed environment","Storage Persistence and Data Integrity"],"fullName":" AC5: Local storage functionality works in deployed environment Storage Persistence and Data Integrity should detect and handle storage corruption in production","status":"passed","title":"should detect and handle storage corruption in production","duration":10,"failureMessages":[]},{"ancestorTitles":["","AC5: Local storage functionality works in deployed environment","Storage Performance in Production"],"fullName":" AC5: Local storage functionality works in deployed environment Storage Performance in Production should optimize storage operations for production performance","status":"passed","title":"should optimize storage operations for production performance","duration":7,"failureMessages":[]},{"ancestorTitles":["","AC5: Local storage functionality works in deployed environment","Storage Performance in Production"],"fullName":" AC5: Local storage functionality works in deployed environment Storage Performance in Production should batch storage operations for better performance","status":"failed","title":"should batch storage operations for better performance","duration":5,"failureMessages":["expected [ [Function], [Function], [Function] ] to have a length of 1 but got 3"],"location":{"line":243,"column":26}},{"ancestorTitles":["","AC5: Local storage functionality works in deployed environment","Storage Quota Management in Production"],"fullName":" AC5: Local storage functionality works in deployed environment Storage Quota Management in Production should provide accurate storage quota information","status":"passed","title":"should provide accurate storage quota information","duration":4,"failureMessages":[]},{"ancestorTitles":["","AC5: Local storage functionality works in deployed environment","Storage Quota Management in Production"],"fullName":" AC5: Local storage functionality works in deployed environment Storage Quota Management in Production should warn when approaching storage limits","status":"passed","title":"should warn when approaching storage limits","duration":4,"failureMessages":[]},{"ancestorTitles":["","AC5: Local storage functionality works in deployed environment","Production Storage Security"],"fullName":" AC5: Local storage functionality works in deployed environment Production Storage Security should not store sensitive information in localStorage","status":"passed","title":"should not store sensitive information in localStorage","duration":7,"failureMessages":[]},{"ancestorTitles":["","AC5: Local storage functionality works in deployed environment","Production Storage Security"],"fullName":" AC5: Local storage functionality works in deployed environment Production Storage Security should sanitize data before storage","status":"passed","title":"should sanitize data before storage","duration":6,"failureMessages":[]},{"ancestorTitles":["","AC5: Local storage functionality works in deployed environment","Browser Compatibility in Production"],"fullName":" AC5: Local storage functionality works in deployed environment Browser Compatibility in Production should work with different browser storage implementations","status":"passed","title":"should work with different browser storage implementations","duration":6,"failureMessages":[]}],"startTime":1764303099001,"endTime":1764303099095,"status":"failed","message":"","name":"/workspace/src/deployment/__tests__/localStorage-production.test.ts"},{"assertionResults":[],"startTime":1764271086718,"endTime":1764271086718,"status":"failed","message":"Transform failed with 1 error:\n/workspace/src/deployment/__tests__/responsive-design-production.test.ts:55:61: ERROR: Expected \">\" but found \"onSubmit\"","name":"/workspace/src/deployment/__tests__/responsive-design-production.test.ts"},{"assertionResults":[{"ancestorTitles":["","AC2: Application successfully serves from GitHub Pages URL"],"fullName":" AC2: Application successfully serves from GitHub Pages URL should be accessible from production GitHub Pages URL","status":"passed","title":"should be accessible from production GitHub Pages URL","duration":1,"failureMessages":[]},{"ancestorTitles":["","AC2: Application successfully serves from GitHub Pages URL"],"fullName":" AC2: Application successfully serves from GitHub Pages URL should have proper meta tags for production deployment","status":"passed","title":"should have proper meta tags for production deployment","duration":0,"failureMessages":[]},{"ancestorTitles":["","AC2: Application successfully serves from GitHub Pages URL"],"fullName":" AC2: Application successfully serves from GitHub Pages URL should serve from secure HTTPS connection","status":"passed","title":"should serve from secure HTTPS connection","duration":1,"failureMessages":[]},{"ancestorTitles":["","AC2: Application successfully serves from GitHub Pages URL"],"fullName":" AC2: Application successfully serves from GitHub Pages URL should have proper CSP headers for security","status":"passed","title":"should have proper CSP headers for security","duration":0,"failureMessages":[]},{"ancestorTitles":["","AC4: Deployment process includes proper build optimization and error handling"],"fullName":" AC4: Deployment process includes proper build optimization and error handling should generate optimized bundle with proper file naming","status":"failed","title":"should generate optimized bundle with proper file naming","duration":4,"failureMessages":["expected '\\n        <!DOCTYPE html>\\n        <h…' to match /assets\\/index-[a…/index-[a-f0-9]{8}\\.js"],"location":{"line":126,"column":18}},{"ancestorTitles":["","AC4: Deployment process includes proper build optimization and error handling"],"fullName":" AC4: Deployment process includes proper build optimization and error handling should compress static assets for faster loading","status":"passed","title":"should compress static assets for faster loading","duration":0,"failureMessages":[]},{"ancestorTitles":["","AC4: Deployment process includes proper build optimization and error handling"],"fullName":" AC4: Deployment process includes proper build optimization and error handling should have proper error boundaries in production","status":"passed","title":"should have proper error boundaries in production","duration":0,"failureMessages":[]},{"ancestorTitles":["","AC4: Deployment process includes proper build optimization and error handling"],"fullName":" AC4: Deployment process includes proper build optimization and error handling should have deployment health check endpoint","status":"passed","title":"should have deployment health check endpoint","duration":1,"failureMessages":[]},{"ancestorTitles":["","Production Environment Configuration"],"fullName":" Production Environment Configuration should have proper base path configuration for GitHub Pages","status":"failed","title":"should have proper base path configuration for GitHub Pages","duration":108,"failureMessages":["Invariant violation: \"new TextEncoder().encode(\"\") instanceof Uint8Array\" is incorrectly false\n\nThis indicates that your JavaScript environment is broken. You cannot use\nesbuild in this environment because esbuild relies on this invariant. This\nis not a problem with esbuild. You need to fix your environment instead.\n"],"location":{"line":201,"column":9}},{"ancestorTitles":["","Production Environment Configuration"],"fullName":" Production Environment Configuration should have proper build output configuration","status":"failed","title":"should have proper build output configuration","duration":0,"failureMessages":["Invariant violation: \"new TextEncoder().encode(\"\") instanceof Uint8Array\" is incorrectly false\n\nThis indicates that your JavaScript environment is broken. You cannot use\nesbuild in this environment because esbuild relies on this invariant. This\nis not a problem with esbuild. You need to fix your environment instead.\n"],"location":{"line":201,"column":9}},{"ancestorTitles":["","Production Environment Configuration"],"fullName":" Production Environment Configuration should have environment-specific configuration","status":"passed","title":"should have environment-specific configuration","duration":1,"failureMessages":[]},{"ancestorTitles":["","Deployment Rollback and Recovery"],"fullName":" Deployment Rollback and Recovery should maintain previous versions for rollback capability","status":"passed","title":"should maintain previous versions for rollback capability","duration":1,"failureMessages":[]},{"ancestorTitles":["","Deployment Rollback and Recovery"],"fullName":" Deployment Rollback and Recovery should have deployment logs and monitoring","status":"passed","title":"should have deployment logs and monitoring","duration":0,"failureMessages":[]}],"startTime":1764303098271,"endTime":1764303098389,"status":"failed","message":"","name":"/workspace/src/deployment/__tests__/production-deployment.test.ts"},{"assertionResults":[{"ancestorTitles":["","GitHub Actions Workflow Configuration","AC1: GitHub Actions workflow automatically builds and deploys on main branch push"],"fullName":" GitHub Actions Workflow Configuration AC1: GitHub Actions workflow automatically builds and deploys on main branch push should have GitHub Actions workflow file exists","status":"passed","title":"should have GitHub Actions workflow file exists","duration":1,"failureMessages":[]},{"ancestorTitles":["","GitHub Actions Workflow Configuration","AC1: GitHub Actions workflow automatically builds and deploys on main branch push"],"fullName":" GitHub Actions Workflow Configuration AC1: GitHub Actions workflow automatically builds and deploys on main branch push should have valid workflow configuration with proper triggers","status":"passed","title":"should have valid workflow configuration with proper triggers","duration":0,"failureMessages":[]},{"ancestorTitles":["","GitHub Actions Workflow Configuration","AC1: GitHub Actions workflow automatically builds and deploys on main branch push"],"fullName":" GitHub Actions Workflow Configuration AC1: GitHub Actions workflow automatically builds and deploys on main branch push should have proper build and deploy job configuration","status":"passed","title":"should have proper build and deploy job configuration","duration":0,"failureMessages":[]},{"ancestorTitles":["","GitHub Actions Workflow Configuration","AC1: GitHub Actions workflow automatically builds and deploys on main branch push"],"fullName":" GitHub Actions Workflow Configuration AC1: GitHub Actions workflow automatically builds and deploys on main branch push should include proper build steps","status":"passed","title":"should include proper build steps","duration":1,"failureMessages":[]},{"ancestorTitles":["","GitHub Actions Workflow Configuration","AC1: GitHub Actions workflow automatically builds and deploys on main branch push"],"fullName":" GitHub Actions Workflow Configuration AC1: GitHub Actions workflow automatically builds and deploys on main branch push should include GitHub Pages deployment step","status":"passed","title":"should include GitHub Pages deployment step","duration":0,"failureMessages":[]},{"ancestorTitles":["","GitHub Actions Workflow Configuration","AC1: GitHub Actions workflow automatically builds and deploys on main branch push"],"fullName":" GitHub Actions Workflow Configuration AC1: GitHub Actions workflow automatically builds and deploys on main branch push should have proper permissions for deployment","status":"passed","title":"should have proper permissions for deployment","duration":0,"failureMessages":[]},{"ancestorTitles":["","GitHub Actions Workflow Configuration","AC1: GitHub Actions workflow automatically builds and deploys on main branch push"],"fullName":" GitHub Actions Workflow Configuration AC1: GitHub Actions workflow automatically builds and deploys on main branch push should include build error handling","status":"passed","title":"should include build error handling","duration":0,"failureMessages":[]},{"ancestorTitles":["","GitHub Actions Workflow Configuration","Workflow Security and Best Practices"],"fullName":" GitHub Actions Workflow Configuration Workflow Security and Best Practices should use specific Node.js version","status":"passed","title":"should use specific Node.js version","duration":0,"failureMessages":[]},{"ancestorTitles":["","GitHub Actions Workflow Configuration","Workflow Security and Best Practices"],"fullName":" GitHub Actions Workflow Configuration Workflow Security and Best Practices should use npm ci for faster, reliable builds","status":"passed","title":"should use npm ci for faster, reliable builds","duration":1,"failureMessages":[]},{"ancestorTitles":["","GitHub Actions Workflow Configuration","Workflow Security and Best Practices"],"fullName":" GitHub Actions Workflow Configuration Workflow Security and Best Practices should have proper environment variables","status":"passed","title":"should have proper environment variables","duration":0,"failureMessages":[]},{"ancestorTitles":["","Build Process Validation","AC4: Deployment process includes proper build optimization and error handling"],"fullName":" Build Process Validation AC4: Deployment process includes proper build optimization and error handling should have Vite build configuration optimized for production","status":"passed","title":"should have Vite build configuration optimized for production","duration":0,"failureMessages":[]},{"ancestorTitles":["","Build Process Validation","AC4: Deployment process includes proper build optimization and error handling"],"fullName":" Build Process Validation AC4: Deployment process includes proper build optimization and error handling should generate minified bundles in production build","status":"passed","title":"should generate minified bundles in production build","duration":0,"failureMessages":[]},{"ancestorTitles":["","Build Process Validation","AC4: Deployment process includes proper build optimization and error handling"],"fullName":" Build Process Validation AC4: Deployment process includes proper build optimization and error handling should have proper error handling in build process","status":"passed","title":"should have proper error handling in build process","duration":0,"failureMessages":[]},{"ancestorTitles":["","Repository Configuration","GitHub Pages Settings Validation"],"fullName":" Repository Configuration GitHub Pages Settings Validation should have repository configured for GitHub Pages","status":"passed","title":"should have repository configured for GitHub Pages","duration":1,"failureMessages":[]},{"ancestorTitles":["","Repository Configuration","GitHub Pages Settings Validation"],"fullName":" Repository Configuration GitHub Pages Settings Validation should have 404.html for SPA routing fallback","status":"passed","title":"should have 404.html for SPA routing fallback","duration":0,"failureMessages":[]}],"startTime":1764303101529,"endTime":1764303101533,"status":"passed","message":"","name":"/workspace/src/deployment/__tests__/github-actions.test.ts"}]}