{"numTotalTestSuites":294,"numPassedTestSuites":291,"numFailedTestSuites":3,"numPendingTestSuites":0,"numTotalTests":667,"numPassedTests":352,"numFailedTests":315,"numPendingTests":0,"numTodoTests":0,"startTime":1764271086718,"success":false,"testResults":[{"assertionResults":[{"ancestorTitles":["","Empty State Handling","Holiday List Empty State"],"fullName":" Empty State Handling Holiday List Empty State should display empty state when no holidays exist","status":"passed","title":"should display empty state when no holidays exist","duration":31,"failureMessages":[]},{"ancestorTitles":["","Empty State Handling","Holiday List Empty State"],"fullName":" Empty State Handling Holiday List Empty State should show helpful guidance for first-time users","status":"passed","title":"should show helpful guidance for first-time users","duration":9,"failureMessages":[]},{"ancestorTitles":["","Empty State Handling","Holiday List Empty State"],"fullName":" Empty State Handling Holiday List Empty State should provide clear call-to-action to add holiday","status":"passed","title":"should provide clear call-to-action to add holiday","duration":41,"failureMessages":[]},{"ancestorTitles":["","Empty State Handling","Holiday List Empty State"],"fullName":" Empty State Handling Holiday List Empty State should show different empty state when holidays exist but recommendations are being calculated","status":"failed","title":"should show different empty state when holidays exist but recommendations are being calculated","duration":21,"failureMessages":["Unable to find an element with the text: /calculating your recommendations/i. This could be because the text is broken up by multiple elements. In this case, you can provide a function for your text matcher to make your matcher more flexible.\n\nIgnored nodes: comments, script, style\n\u001b[36m<body>\u001b[39m\n  \u001b[36m<div>\u001b[39m\n    \u001b[36m<div\u001b[39m\n      \u001b[33mclass\u001b[39m=\u001b[32m\"w-full max-w-2xl mx-auto space-y-4\"\u001b[39m\n    \u001b[36m>\u001b[39m\n      \u001b[36m<h2\u001b[39m\n        \u001b[33mclass\u001b[39m=\u001b[32m\"text-xl font-semibold text-gray-900 mb-4\"\u001b[39m\n      \u001b[36m>\u001b[39m\n        \u001b[0mYour Holidays\u001b[0m\n      \u001b[36m</h2>\u001b[39m\n      \u001b[36m<div\u001b[39m\n        \u001b[33maria-busy\u001b[39m=\u001b[32m\"true\"\u001b[39m\n        \u001b[33maria-live\u001b[39m=\u001b[32m\"polite\"\u001b[39m\n        \u001b[33mclass\u001b[39m=\u001b[32m\"text-center py-8 px-4\"\u001b[39m\n        \u001b[33mdata-testid\u001b[39m=\u001b[32m\"calculating-recommendations\"\u001b[39m\n        \u001b[33mrole\u001b[39m=\u001b[32m\"status\"\u001b[39m\n      \u001b[36m>\u001b[39m\n        \u001b[36m<div\u001b[39m\n          \u001b[33maria-hidden\u001b[39m=\u001b[32m\"false\"\u001b[39m\n          \u001b[33maria-label\u001b[39m=\u001b[32m\"Calculating recommendations...\"\u001b[39m\n          \u001b[33maria-live\u001b[39m=\u001b[32m\"polite\"\u001b[39m\n          \u001b[33mclass\u001b[39m=\u001b[32m\"inline-flex items-center justify-center flex-shrink-0 \"\u001b[39m\n          \u001b[33mdata-testid\u001b[39m=\u001b[32m\"loading-spinner\"\u001b[39m\n          \u001b[33mrole\u001b[39m=\u001b[32m\"status\"\u001b[39m\n        \u001b[36m>\u001b[39m\n          \u001b[36m<svg\u001b[39m\n            \u001b[33maria-hidden\u001b[39m=\u001b[32m\"true\"\u001b[39m\n            \u001b[33mclass\u001b[39m=\u001b[32m\"animate-spin w-12 h-12 text-blue-600 fill-blue-200\"\u001b[39m\n            \u001b[33mdata-testid\u001b[39m=\u001b[32m\"spinner-element\"\u001b[39m\n            \u001b[33mviewBox\u001b[39m=\u001b[32m\"0 0 24 24\"\u001b[39m\n            \u001b[33mxmlns\u001b[39m=\u001b[32m\"http://www.w3.org/2000/svg\"\u001b[39m\n          \u001b[36m>\u001b[39m\n            \u001b[36m<circle\u001b[39m\n              \u001b[33mclass\u001b[39m=\u001b[32m\"opacity-25\"\u001b[39m\n              \u001b[33mcx\u001b[39m=\u001b[32m\"12\"\u001b[39m\n              \u001b[33mcy\u001b[39m=\u001b[32m\"12\"\u001b[39m\n              \u001b[33mfill\u001b[39m=\u001b[32m\"none\"\u001b[39m\n              \u001b[33mr\u001b[39m=\u001b[32m\"10\"\u001b[39m\n              \u001b[33mstroke\u001b[39m=\u001b[32m\"currentColor\"\u001b[39m\n              \u001b[33mstroke-width\u001b[39m=\u001b[32m\"4\"\u001b[39m\n            \u001b[36m/>\u001b[39m\n            \u001b[36m<path\u001b[39m\n              \u001b[33mclass\u001b[39m=\u001b[32m\"opacity-75\"\u001b[39m\n              \u001b[33md\u001b[39m=\u001b[32m\"M4 12a8 8 0 018-8V0C5.373 0 0 5.373 0 12h4zm2 5.291A7.962 7.962 0 014 12H0c0 3.042 1.135 5.824 3 7.938l3-2.647z\"\u001b[39m\n              \u001b[33mfill\u001b[39m=\u001b[32m\"currentColor\"\u001b[39m\n            \u001b[36m/>\u001b[39m\n          \u001b[36m</svg>\u001b[39m\n          \u001b[36m<span\u001b[39m\n            \u001b[33mclass\u001b[39m=\u001b[32m\"ml-2 text-sm font-medium text-blue-600\"\u001b[39m\n          \u001b[36m>\u001b[39m\n            \u001b[0mCalculating recommendations...\u001b[0m\n          \u001b[36m</span>\u001b[39m\n        \u001b[36m</div>\u001b[39m\n        \u001b[36m<p\u001b[39m\n          \u001b[33mclass\u001b[39m=\u001b[32m\"text-gray-600 mt-4\"\u001b[39m\n        \u001b[36m>\u001b[39m\n          \u001b[0mAnalyzing holiday patterns to find optimal days off...\u001b[0m\n        \u001b[36m</p>\u001b[39m\n        \u001b[36m<div\u001b[39m\n          \u001b[33mclass\u001b[39m=\u001b[32m\"mt-4\"\u001b[39m\n          \u001b[33mdata-testid\u001b[39m=\u001b[32m\"loading-progress\"\u001b[39m\n        \u001b[36m>\u001b[39m\n          \u001b[36m<div\u001b[39m\n            \u001b[33mclass\u001b[39m=\u001b[32m\"w-full bg-gray-200 rounded-full h-2\"\u001b[39m\n          \u001b[36m>\u001b[39m\n            \u001b[36m<div\u001b[39m\n              \u001b[33mclass\u001b[39m=\u001b[32m\"bg-blue-600 h-2 rounded-full animate-pulse\"\u001b[39m\n              \u001b[33mstyle\u001b[39m=\u001b[32m\"width: 60%;\"\u001b[39m\n            \u001b[36m/>\u001b[39m\n          \u001b[36m</div>\u001b[39m\n          \u001b[36m<p\u001b[39m\n            \u001b[33mclass\u001b[39m=\u001b[32m\"text-sm text-gray-500 mt-2\"\u001b[39m\n          \u001b[36m>\u001b[39m\n            \u001b[0mAnalyzing holiday patterns\u001b[0m\n          \u001b[36m</p>\u001b[39m\n        \u001b[36m</div>\u001b[39m\n      \u001b[36m</div>\u001b[39m\n    \u001b[36m</div>\u001b[39m\n  \u001b[36m</div>\u001b[39m\n\u001b[36m</body>\u001b[39m"],"location":{"line":37,"column":19}},{"ancestorTitles":["","Empty State Handling","Holiday List Empty State"],"fullName":" Empty State Handling Holiday List Empty State should show empty state with loading spinner when initial load is happening","status":"failed","title":"should show empty state with loading spinner when initial load is happening","duration":5,"failureMessages":["Unable to find an element by: [data-testid=\"calculating-recommendations\"]\n\nIgnored nodes: comments, script, style\n\u001b[36m<body>\u001b[39m\n  \u001b[36m<div>\u001b[39m\n    \u001b[36m<div\u001b[39m\n      \u001b[33mclass\u001b[39m=\u001b[32m\"w-full max-w-2xl mx-auto space-y-4\"\u001b[39m\n    \u001b[36m>\u001b[39m\n      \u001b[36m<h2\u001b[39m\n        \u001b[33mclass\u001b[39m=\u001b[32m\"text-xl font-semibold text-gray-900 mb-4\"\u001b[39m\n      \u001b[36m>\u001b[39m\n        \u001b[0mYour Holidays\u001b[0m\n      \u001b[36m</h2>\u001b[39m\n      \u001b[36m<div\u001b[39m\n        \u001b[33maria-live\u001b[39m=\u001b[32m\"polite\"\u001b[39m\n        \u001b[33mclass\u001b[39m=\u001b[32m\"text-center py-8 px-4 w-full max-w-md mx-auto\"\u001b[39m\n        \u001b[33mdata-testid\u001b[39m=\u001b[32m\"empty-holidays-state\"\u001b[39m\n        \u001b[33mrole\u001b[39m=\u001b[32m\"status\"\u001b[39m\n      \u001b[36m>\u001b[39m\n        \u001b[36m<div\u001b[39m\n          \u001b[33maria-hidden\u001b[39m=\u001b[32m\"true\"\u001b[39m\n          \u001b[33mclass\u001b[39m=\u001b[32m\"mx-auto h-12 w-12 text-gray-400 mb-4\"\u001b[39m\n          \u001b[33mdata-testid\u001b[39m=\u001b[32m\"empty-holidays-icon\"\u001b[39m\n        \u001b[36m>\u001b[39m\n          \u001b[36m<svg\u001b[39m\n            \u001b[33mclass\u001b[39m=\u001b[32m\"h-full w-full\"\u001b[39m\n            \u001b[33mfill\u001b[39m=\u001b[32m\"none\"\u001b[39m\n            \u001b[33mstroke\u001b[39m=\u001b[32m\"currentColor\"\u001b[39m\n            \u001b[33mviewBox\u001b[39m=\u001b[32m\"0 0 24 24\"\u001b[39m\n          \u001b[36m>\u001b[39m\n            \u001b[36m<path\u001b[39m\n              \u001b[33md\u001b[39m=\u001b[32m\"M8 7V3m8 4V3m-9 8h10M5 21h14a2 2 0 002-2V7a2 2 0 00-2-2H5a2 2 0 00-2 2v12a2 2 0 002 2z\"\u001b[39m\n              \u001b[33mstroke-linecap\u001b[39m=\u001b[32m\"round\"\u001b[39m\n              \u001b[33mstroke-linejoin\u001b[39m=\u001b[32m\"round\"\u001b[39m\n              \u001b[33mstroke-width\u001b[39m=\u001b[32m\"2\"\u001b[39m\n            \u001b[36m/>\u001b[39m\n          \u001b[36m</svg>\u001b[39m\n        \u001b[36m</div>\u001b[39m\n        \u001b[36m<h3\u001b[39m\n          \u001b[33mclass\u001b[39m=\u001b[32m\"text-xl font-semibold text-gray-900 mb-2\"\u001b[39m\n        \u001b[36m>\u001b[39m\n          \u001b[0mNo holidays found\u001b[0m\n        \u001b[36m</h3>\u001b[39m\n        \u001b[36m<p\u001b[39m\n          \u001b[33mclass\u001b[39m=\u001b[32m\"text-gray-600 mt-2 mb-6\"\u001b[39m\n        \u001b[36m>\u001b[39m\n          \u001b[0mStart by adding your first holiday to discover long weekend opportunities!\u001b[0m\n        \u001b[36m</p>\u001b[39m\n        \u001b[36m<p\u001b[39m\n          \u001b[33mclass\u001b[39m=\u001b[32m\"text-sm text-gray-500 mb-6\"\u001b[39m\n        \u001b[36m>\u001b[39m\n          \u001b[0mEnter the holiday name and date in the form above to get started.\u001b[0m\n        \u001b[36m</p>\u001b[39m\n        \u001b[36m<button\u001b[39m\n          \u001b[33mclass\u001b[39m=\u001b[32m\"w-full bg-blue-600 text-white py-3 px-6 rounded-md hover:bg-blue-700 focus:outline-none focus:ring-2 focus:ring-blue-500 focus:ring-offset-2 transition-colors duration-200 font-medium text-lg\"\u001b[39m\n          \u001b[33mdata-testid\u001b[39m=\u001b[32m\"add-first-holiday-button\"\u001b[39m\n        \u001b[36m>\u001b[39m\n          \u001b[0mAdd Your First Holiday\u001b[0m\n        \u001b[36m</button>\u001b[39m\n        \u001b[36m<div\u001b[39m\n          \u001b[33mclass\u001b[39m=\u001b[32m\"mt-8 text-left\"\u001b[39m\n        \u001b[36m>\u001b[39m\n          \u001b[36m<h4\u001b[39m\n            \u001b[33mclass\u001b[39m=\u001b[32m\"text-sm font-medium text-gray-900 mb-3\"\u001b[39m\n          \u001b[36m>\u001b[39m\n            \u001b[0m💡 Tips for getting started:\u001b[0m\n          \u001b[36m</h4>\u001b[39m\n          \u001b[36m<ul\u001b[39m\n            \u001b[33mclass\u001b[39m=\u001b[32m\"text-sm text-gray-600 space-y-2\"\u001b[39m\n          \u001b[36m>\u001b[39m\n            \u001b[36m<li>\u001b[39m\n              \u001b[0m• Add company holidays like Christmas, New Year's, etc.\u001b[0m\n            \u001b[36m</li>\u001b[39m\n            \u001b[36m<li>\u001b[39m\n              \u001b[0m• Weekends are automatically calculated for you\u001b[0m\n            \u001b[36m</li>\u001b[39m\n            \u001b[36m<li>\u001b[39m\n              \u001b[0m• We'll recommend the best days to take off for long weekends\u001b[0m\n            \u001b[36m</li>\u001b[39m\n            \u001b[36m<li>\u001b[39m\n              \u001b[0m• Your data is saved locally in your browser\u001b[0m\n            \u001b[36m</li>\u001b[39m\n          \u001b[36m</ul>\u001b[39m\n        \u001b[36m</div>\u001b[39m\n      \u001b[36m</div>\u001b[39m\n    \u001b[36m</div>\u001b[39m\n  \u001b[36m</div>\u001b[39m\n\u001b[36m</body>\u001b[39m"],"location":{"line":37,"column":19}},{"ancestorTitles":["","Empty State Handling","Holiday List Empty State"],"fullName":" Empty State Handling Holiday List Empty State should display appropriate icon for empty holidays state","status":"passed","title":"should display appropriate icon for empty holidays state","duration":4,"failureMessages":[]},{"ancestorTitles":["","Empty State Handling","Holiday List Empty State"],"fullName":" Empty State Handling Holiday List Empty State should have proper accessibility attributes for empty state","status":"passed","title":"should have proper accessibility attributes for empty state","duration":3,"failureMessages":[]},{"ancestorTitles":["","Empty State Handling","Recommendations Empty State"],"fullName":" Empty State Handling Recommendations Empty State should display empty state when no recommendations exist","status":"passed","title":"should display empty state when no recommendations exist","duration":4,"failureMessages":[]},{"ancestorTitles":["","Empty State Handling","Recommendations Empty State"],"fullName":" Empty State Handling Recommendations Empty State should show helpful message when holidays exist but no recommendations can be made","status":"passed","title":"should show helpful message when holidays exist but no recommendations can be made","duration":8,"failureMessages":[]},{"ancestorTitles":["","Empty State Handling","Recommendations Empty State"],"fullName":" Empty State Handling Recommendations Empty State should provide guidance on how to get recommendations","status":"passed","title":"should provide guidance on how to get recommendations","duration":7,"failureMessages":[]},{"ancestorTitles":["","Empty State Handling","Recommendations Empty State"],"fullName":" Empty State Handling Recommendations Empty State should show proper icon for recommendations empty state","status":"passed","title":"should show proper icon for recommendations empty state","duration":5,"failureMessages":[]},{"ancestorTitles":["","Empty State Handling","Recommendations Empty State"],"fullName":" Empty State Handling Recommendations Empty State should have accessibility attributes for recommendations empty state","status":"passed","title":"should have accessibility attributes for recommendations empty state","duration":7,"failureMessages":[]},{"ancestorTitles":["","Empty State Handling","Storage Unavailable Empty State"],"fullName":" Empty State Handling Storage Unavailable Empty State should show empty state with storage warning when localStorage is unavailable","status":"passed","title":"should show empty state with storage warning when localStorage is unavailable","duration":9,"failureMessages":[]},{"ancestorTitles":["","Empty State Handling","Storage Unavailable Empty State"],"fullName":" Empty State Handling Storage Unavailable Empty State should provide clear guidance about storage limitations","status":"passed","title":"should provide clear guidance about storage limitations","duration":6,"failureMessages":[]},{"ancestorTitles":["","Empty State Handling","Storage Unavailable Empty State"],"fullName":" Empty State Handling Storage Unavailable Empty State should show empty state when storage error occurs","status":"passed","title":"should show empty state when storage error occurs","duration":4,"failureMessages":[]},{"ancestorTitles":["","Empty State Handling","Storage Unavailable Empty State"],"fullName":" Empty State Handling Storage Unavailable Empty State should provide recovery options for storage errors","status":"passed","title":"should provide recovery options for storage errors","duration":17,"failureMessages":[]},{"ancestorTitles":["","Empty State Handling","Loading States"],"fullName":" Empty State Handling Loading States should show loading state when calculating recommendations","status":"passed","title":"should show loading state when calculating recommendations","duration":6,"failureMessages":[]},{"ancestorTitles":["","Empty State Handling","Loading States"],"fullName":" Empty State Handling Loading States should show loading state with progress indicator for long calculations","status":"passed","title":"should show loading state with progress indicator for long calculations","duration":6,"failureMessages":[]},{"ancestorTitles":["","Empty State Handling","Loading States"],"fullName":" Empty State Handling Loading States should show loading state when saving to localStorage","status":"failed","title":"should show loading state when saving to localStorage","duration":5010,"failureMessages":["Test timed out in 5000ms.\nIf this is a long-running test, pass a timeout value as the last argument or configure it globally with \"testTimeout\"."]},{"ancestorTitles":["","Empty State Handling","Loading States"],"fullName":" Empty State Handling Loading States should have proper accessibility for loading states","status":"passed","title":"should have proper accessibility for loading states","duration":5,"failureMessages":[]},{"ancestorTitles":["","Empty State Handling","Empty State Transitions"],"fullName":" Empty State Handling Empty State Transitions should transition from empty to content when holidays are added","status":"failed","title":"should transition from empty to content when holidays are added","duration":43,"failureMessages":["expect(element).not.toBeInTheDocument()\n\nexpected document not to contain element, found <div\n  aria-live=\"polite\"\n  class=\"text-center py-8 px-4 w-full max-w-md mx-auto\"\n  data-testid=\"empty-holidays-state\"\n  role=\"status\"\n>\n  <div\n    aria-hidden=\"true\"\n    class=\"mx-auto h-12 w-12 text-gray-400 mb-4\"\n    data-testid=\"empty-holidays-icon\"\n  >\n    <svg\n      class=\"h-full w-full\"\n      fill=\"none\"\n      stroke=\"currentColor\"\n      viewBox=\"0 0 24 24\"\n    >\n      <path\n        d=\"M8 7V3m8 4V3m-9 8h10M5 21h14a2 2 0 002-2V7a2 2 0 00-2-2H5a2 2 0 00-2 2v12a2 2 0 002 2z\"\n        stroke-linecap=\"round\"\n        stroke-linejoin=\"round\"\n        stroke-width=\"2\"\n      />\n    </svg>\n  </div>\n  <h3\n    class=\"text-xl font-semibold text-gray-900 mb-2\"\n  >\n    No holidays found\n  </h3>\n  <p\n    class=\"text-gray-600 mt-2 mb-6\"\n  >\n    Start by adding your first holiday to discover long weekend opportunities!\n  </p>\n  <p\n    class=\"text-sm text-gray-500 mb-6\"\n  >\n    Enter the holiday name and date in the form above to get started.\n  </p>\n  <button\n    class=\"w-full bg-blue-600 text-white py-3 px-6 rounded-md hover:bg-blue-700 focus:outline-none focus:ring-2 focus:ring-blue-500 focus:ring-offset-2 transition-colors duration-200 font-medium text-lg\"\n    data-testid=\"add-first-holiday-button\"\n  >\n    Add Your First Holiday\n  </button>\n  <div\n    class=\"mt-8 text-left\"\n  >\n    <h4\n      class=\"text-sm font-medium text-gray-900 mb-3\"\n    >\n      💡 Tips for getting started:\n    </h4>\n    <ul\n      class=\"text-sm text-gray-600 space-y-2\"\n    >\n      <li>\n        • Add company holidays like Christmas, New Year's, etc.\n      </li>\n      <li>\n        • Weekends are automatically calculated for you\n      </li>\n      <li>\n        • We'll recommend the best days to take off for long weekends\n      </li>\n      <li>\n        • Your data is saved locally in your browser\n      </li>\n    </ul>\n  </div>\n</div> instead"],"location":{"line":327,"column":64}},{"ancestorTitles":["","Empty State Handling","Empty State Transitions"],"fullName":" Empty State Handling Empty State Transitions should transition from empty to loading state when calculation starts","status":"failed","title":"should transition from empty to loading state when calculation starts","duration":13,"failureMessages":["expect(element).not.toBeInTheDocument()\n\nexpected document not to contain element, found <div\n  aria-live=\"polite\"\n  class=\"text-center py-8 px-4 w-full max-w-md mx-auto\"\n  data-testid=\"empty-recommendations-state\"\n  role=\"status\"\n>\n  <div\n    aria-hidden=\"true\"\n    class=\"mx-auto h-12 w-12 text-gray-400 mb-4\"\n    data-testid=\"empty-recommendations-icon\"\n  >\n    <svg\n      class=\"h-full w-full\"\n      fill=\"none\"\n      stroke=\"currentColor\"\n      viewBox=\"0 0 24 24\"\n    >\n      <path\n        d=\"M9 19v-6a2 2 0 00-2-2H5a2 2 0 00-2 2v6a2 2 0 002 2h2a2 2 0 002-2zm0 0V9a2 2 0 012-2h2a2 2 0 012 2v10m-6 0a2 2 0 002 2h2a2 2 0 002-2m0 0V5a2 2 0 012-2h2a2 2 0 012 2v14a2 2 0 01-2 2h-2a2 2 0 01-2-2z\"\n        stroke-linecap=\"round\"\n        stroke-linejoin=\"round\"\n        stroke-width=\"2\"\n      />\n    </svg>\n  </div>\n  <h3\n    class=\"text-xl font-semibold text-gray-900 mb-2\"\n  >\n    No recommendations available\n  </h3>\n  <p\n    class=\"text-gray-600 mt-2 mb-6\"\n  >\n    Add some holidays to see recommendations for optimal days off.\n  </p>\n  <p\n    class=\"text-sm text-gray-500 mb-6\"\n  >\n    We'll suggest the best days to take off to create amazing long weekends!\n  </p>\n  <div\n    class=\"bg-blue-50 border border-blue-200 rounded-lg p-4 text-left\"\n  >\n    <p\n      class=\"text-sm text-blue-800\"\n    >\n      <strong>\n        🎯 How it works:\n      </strong>\n    </p>\n    <ul\n      class=\"text-sm text-blue-700 mt-2 list-disc list-inside\"\n    >\n      <li>\n        Add your company holidays above\n      </li>\n      <li>\n        We analyze their proximity to weekends\n      </li>\n      <li>\n        Get recommendations for strategic days off\n      </li>\n      <li>\n        Create the perfect long weekend getaways!\n      </li>\n    </ul>\n  </div>\n</div> instead"],"location":{"line":346,"column":71}},{"ancestorTitles":["","Empty State Handling","Empty State Transitions"],"fullName":" Empty State Handling Empty State Transitions should transition back to empty state when all holidays are deleted","status":"passed","title":"should transition back to empty state when all holidays are deleted","duration":9,"failureMessages":[]},{"ancestorTitles":["","Empty State Handling","Empty State Content and Styling"],"fullName":" Empty State Handling Empty State Content and Styling should use consistent styling across all empty states","status":"passed","title":"should use consistent styling across all empty states","duration":8,"failureMessages":[]},{"ancestorTitles":["","Empty State Handling","Empty State Content and Styling"],"fullName":" Empty State Handling Empty State Content and Styling should use appropriate colors and icons for different empty states","status":"passed","title":"should use appropriate colors and icons for different empty states","duration":7,"failureMessages":[]},{"ancestorTitles":["","Empty State Handling","Empty State Content and Styling"],"fullName":" Empty State Handling Empty State Content and Styling should have appropriate spacing and typography","status":"passed","title":"should have appropriate spacing and typography","duration":4,"failureMessages":[]},{"ancestorTitles":["","Empty State Handling","Empty State Content and Styling"],"fullName":" Empty State Handling Empty State Content and Styling should be responsive on different screen sizes","status":"passed","title":"should be responsive on different screen sizes","duration":5,"failureMessages":[]},{"ancestorTitles":["","Empty State Handling","Empty State User Interactions"],"fullName":" Empty State Handling Empty State User Interactions should allow user to navigate to add holiday form from empty state","status":"failed","title":"should allow user to navigate to add holiday form from empty state","duration":5009,"failureMessages":["Test timed out in 5000ms.\nIf this is a long-running test, pass a timeout value as the last argument or configure it globally with \"testTimeout\"."]},{"ancestorTitles":["","Empty State Handling","Empty State User Interactions"],"fullName":" Empty State Handling Empty State User Interactions should handle storage error recovery actions","status":"failed","title":"should handle storage error recovery actions","duration":5011,"failureMessages":["Test timed out in 5000ms.\nIf this is a long-running test, pass a timeout value as the last argument or configure it globally with \"testTimeout\"."]},{"ancestorTitles":["","Empty State Handling","Empty State User Interactions"],"fullName":" Empty State Handling Empty State User Interactions should provide helpful tooltips and hover states","status":"failed","title":"should provide helpful tooltips and hover states","duration":5008,"failureMessages":["Test timed out in 5000ms.\nIf this is a long-running test, pass a timeout value as the last argument or configure it globally with \"testTimeout\"."]}],"startTime":1764422324602,"endTime":1764422344928,"status":"failed","message":"","name":"/workspace/src/components/__tests__/EmptyStates.test.tsx"},{"assertionResults":[{"ancestorTitles":["","ErrorBoundary","Normal Operation"],"fullName":" ErrorBoundary Normal Operation should render children when no error occurs","status":"passed","title":"should render children when no error occurs","duration":23,"failureMessages":[]},{"ancestorTitles":["","ErrorBoundary","Error Catching"],"fullName":" ErrorBoundary Error Catching should catch and render fallback UI when child component throws Error","status":"passed","title":"should catch and render fallback UI when child component throws Error","duration":29,"failureMessages":[]},{"ancestorTitles":["","ErrorBoundary","Error Catching"],"fullName":" ErrorBoundary Error Catching should catch and render fallback UI when child component throws string error","status":"passed","title":"should catch and render fallback UI when child component throws string error","duration":5,"failureMessages":[]},{"ancestorTitles":["","ErrorBoundary","Error Catching"],"fullName":" ErrorBoundary Error Catching should log error to console in development mode","status":"passed","title":"should log error to console in development mode","duration":14,"failureMessages":[]},{"ancestorTitles":["","ErrorBoundary","Error Catching"],"fullName":" ErrorBoundary Error Catching should not log error details in production mode","status":"passed","title":"should not log error details in production mode","duration":7,"failureMessages":[]},{"ancestorTitles":["","ErrorBoundary","Recovery Options"],"fullName":" ErrorBoundary Recovery Options should display \"Try Again\" button with correct attributes","status":"passed","title":"should display \"Try Again\" button with correct attributes","duration":44,"failureMessages":[]},{"ancestorTitles":["","ErrorBoundary","Recovery Options"],"fullName":" ErrorBoundary Recovery Options should display \"Reload Page\" button that also reloads the page","status":"passed","title":"should display \"Reload Page\" button that also reloads the page","duration":16,"failureMessages":[]},{"ancestorTitles":["","ErrorBoundary","Recovery Options"],"fullName":" ErrorBoundary Recovery Options should display error details in development mode","status":"passed","title":"should display error details in development mode","duration":7,"failureMessages":[]},{"ancestorTitles":["","ErrorBoundary","Recovery Options"],"fullName":" ErrorBoundary Recovery Options should not display error details in production mode","status":"passed","title":"should not display error details in production mode","duration":5,"failureMessages":[]},{"ancestorTitles":["","ErrorBoundary","Error State Management"],"fullName":" ErrorBoundary Error State Management should show error boundary UI when error occurs","status":"passed","title":"should show error boundary UI when error occurs","duration":11,"failureMessages":[]},{"ancestorTitles":["","ErrorBoundary","Error State Management"],"fullName":" ErrorBoundary Error State Management should handle multiple errors gracefully","status":"passed","title":"should handle multiple errors gracefully","duration":10,"failureMessages":[]},{"ancestorTitles":["","ErrorBoundary","Component Tree Integration"],"fullName":" ErrorBoundary Component Tree Integration should only catch errors from direct children, not parent components","status":"passed","title":"should only catch errors from direct children, not parent components","duration":2,"failureMessages":[]},{"ancestorTitles":["","ErrorBoundary","Component Tree Integration"],"fullName":" ErrorBoundary Component Tree Integration should handle nested error boundaries correctly","status":"passed","title":"should handle nested error boundaries correctly","duration":8,"failureMessages":[]},{"ancestorTitles":["","ErrorBoundary","Accessibility"],"fullName":" ErrorBoundary Accessibility should have proper ARIA labels and roles","status":"passed","title":"should have proper ARIA labels and roles","duration":6,"failureMessages":[]},{"ancestorTitles":["","ErrorBoundary","Accessibility"],"fullName":" ErrorBoundary Accessibility should have keyboard accessible buttons","status":"passed","title":"should have keyboard accessible buttons","duration":10,"failureMessages":[]}],"startTime":1764422345786,"endTime":1764422345983,"status":"passed","message":"","name":"/workspace/src/components/__tests__/ErrorBoundary.test.tsx"},{"assertionResults":[{"ancestorTitles":["","ErrorBoundary Integration","Integration with App Components"],"fullName":" ErrorBoundary Integration Integration with App Components should catch errors in App component tree","status":"passed","title":"should catch errors in App component tree","duration":61,"failureMessages":[]},{"ancestorTitles":["","ErrorBoundary Integration","Integration with App Components"],"fullName":" ErrorBoundary Integration Integration with App Components should handle errors in holiday form integration","status":"failed","title":"should handle errors in holiday form integration","duration":31,"failureMessages":["Found multiple elements by: [data-testid=\"error-boundary\"]\n\nHere are the matching elements:\n\nIgnored nodes: comments, script, style\n\u001b[36m<div\u001b[39m\n  \u001b[33maria-live\u001b[39m=\u001b[32m\"polite\"\u001b[39m\n  \u001b[33mclass\u001b[39m=\u001b[32m\"min-h-screen flex items-center justify-center bg-gray-50 py-12 px-4 sm:px-6 lg:px-8\"\u001b[39m\n  \u001b[33mdata-testid\u001b[39m=\u001b[32m\"error-boundary\"\u001b[39m\n  \u001b[33mrole\u001b[39m=\u001b[32m\"alert\"\u001b[39m\n\u001b[36m>\u001b[39m\n  \u001b[36m<div\u001b[39m\n    \u001b[33mclass\u001b[39m=\u001b[32m\"max-w-md w-full bg-white shadow-lg rounded-lg p-6\"\u001b[39m\n  \u001b[36m>\u001b[39m\n    \u001b[36m<div\u001b[39m\n      \u001b[33mclass\u001b[39m=\u001b[32m\"text-center\"\u001b[39m\n    \u001b[36m>\u001b[39m\n      \u001b[36m<div\u001b[39m\n        \u001b[33mclass\u001b[39m=\u001b[32m\"mx-auto h-12 w-12 text-red-500 mb-4\"\u001b[39m\n      \u001b[36m>\u001b[39m\n        \u001b[36m<svg\u001b[39m\n          \u001b[33maria-hidden\u001b[39m=\u001b[32m\"true\"\u001b[39m\n          \u001b[33mclass\u001b[39m=\u001b[32m\"h-full w-full\"\u001b[39m\n          \u001b[33mfill\u001b[39m=\u001b[32m\"none\"\u001b[39m\n          \u001b[33mstroke\u001b[39m=\u001b[32m\"currentColor\"\u001b[39m\n          \u001b[33mviewBox\u001b[39m=\u001b[32m\"0 0 24 24\"\u001b[39m\n        \u001b[36m>\u001b[39m\n          \u001b[36m<path\u001b[39m\n            \u001b[33md\u001b[39m=\u001b[32m\"M12 9v2m0 4h.01m-6.938 4h13.856c1.54 0 2.502-1.667 1.732-2.5L13.732 4c-.77-.833-1.732-.833-2.5 0L3.732 16.5c-.77.833.192 2.5 1.732 2.5z\"\u001b[39m\n            \u001b[33mstroke-linecap\u001b[39m=\u001b[32m\"round\"\u001b[39m\n            \u001b[33mstroke-linejoin\u001b[39m=\u001b[32m\"round\"\u001b[39m\n            \u001b[33mstroke-width\u001b[39m=\u001b[32m\"2\"\u001b[39m\n          \u001b[36m/>\u001b[39m\n        \u001b[36m</svg>\u001b[39m\n      \u001b[36m</div>\u001b[39m\n      \u001b[36m<h1\u001b[39m\n        \u001b[33mclass\u001b[39m=\u001b[32m\"text-2xl font-bold text-gray-900 mb-2\"\u001b[39m\n      \u001b[36m>\u001b[39m\n        \u001b[0mSomething went wrong\u001b[0m\n      \u001b[36m</h1>\u001b[39m\n      \u001b[36m<p\u001b[39m\n        \u001b[33mclass\u001b[39m=\u001b[32m\"text-gray-600 mb-6\"\u001b[39m\n      \u001b[36m>\u001b[39m\n        \u001b[0mAn unexpected error occurred. We apologize for the inconvenience.\u001b[0m\n      \u001b[36m</p>\u001b[39m\n      \u001b[36m<div\u001b[39m\n        \u001b[33mclass\u001b[39m=\u001b[32m\"space-y-3\"\u001b[39m\n      \u001b[36m>\u001b[39m\n        \u001b[36m<button\u001b[39m\n          \u001b[33maria-label\u001b[39m=\u001b[32m\"Try to recover from error\"\u001b[39m\n          \u001b[33mclass\u001b[39m=\u001b[32m\"w-full bg-blue-600 text-white py-2 px-4 rounded-md hover:bg-blue-700 focus:outline-none focus:ring-2 focus:ring-blue-500 focus:ring-offset-2 transition-colors duration-200 font-medium\"\u001b[39m\n        \u001b[36m>\u001b[39m\n          \u001b[0mTry Again\u001b[0m\n        \u001b[36m</button>\u001b[39m\n        \u001b[36m<button\u001b[39m\n          \u001b[33maria-label\u001b[39m=\u001b[32m\"Reload the page to reset the application\"\u001b[39m\n          \u001b[33mclass\u001b[39m=\u001b[32m\"w-full bg-gray-200 text-gray-800 py-2 px-4 rounded-md hover:bg-gray-300 focus:outline-none focus:ring-2 focus:ring-gray-500 focus:ring-offset-2 transition-colors duration-200 font-medium\"\u001b[39m\n        \u001b[36m>\u001b[39m\n          \u001b[0mReload Page\u001b[0m\n        \u001b[36m</button>\u001b[39m\n      \u001b[36m</div>\u001b[39m\n      \u001b[36m<p\u001b[39m\n        \u001b[33mclass\u001b[39m=\u001b[32m\"text-sm text-gray-500 mt-6\"\u001b[39m\n      \u001b[36m>\u001b[39m\n        \u001b[0mIf the problem persists, please try refreshing your browser or contact support.\u001b[0m\n      \u001b[36m</p>\u001b[39m\n    \u001b[36m</div>\u001b[39m\n  \u001b[36m</div>\u001b[39m\n\u001b[36m</div>\u001b[39m\n\nIgnored nodes: comments, script, style\n\u001b[36m<div\u001b[39m\n  \u001b[33maria-live\u001b[39m=\u001b[32m\"polite\"\u001b[39m\n  \u001b[33mclass\u001b[39m=\u001b[32m\"min-h-screen flex items-center justify-center bg-gray-50 py-12 px-4 sm:px-6 lg:px-8\"\u001b[39m\n  \u001b[33mdata-testid\u001b[39m=\u001b[32m\"error-boundary\"\u001b[39m\n  \u001b[33mrole\u001b[39m=\u001b[32m\"alert\"\u001b[39m\n\u001b[36m>\u001b[39m\n  \u001b[36m<div\u001b[39m\n    \u001b[33mclass\u001b[39m=\u001b[32m\"max-w-md w-full bg-white shadow-lg rounded-lg p-6\"\u001b[39m\n  \u001b[36m>\u001b[39m\n    \u001b[36m<div\u001b[39m\n      \u001b[33mclass\u001b[39m=\u001b[32m\"text-center\"\u001b[39m\n    \u001b[36m>\u001b[39m\n      \u001b[36m<div\u001b[39m\n        \u001b[33mclass\u001b[39m=\u001b[32m\"mx-auto h-12 w-12 text-red-500 mb-4\"\u001b[39m\n      \u001b[36m>\u001b[39m\n        \u001b[36m<svg\u001b[39m\n          \u001b[33maria-hidden\u001b[39m=\u001b[32m\"true\"\u001b[39m\n          \u001b[33mclass\u001b[39m=\u001b[32m\"h-full w-full\"\u001b[39m\n          \u001b[33mfill\u001b[39m=\u001b[32m\"none\"\u001b[39m\n          \u001b[33mstroke\u001b[39m=\u001b[32m\"currentColor\"\u001b[39m\n          \u001b[33mviewBox\u001b[39m=\u001b[32m\"0 0 24 24\"\u001b[39m\n        \u001b[36m>\u001b[39m\n          \u001b[36m<path\u001b[39m\n            \u001b[33md\u001b[39m=\u001b[32m\"M12 9v2m0 4h.01m-6.938 4h13.856c1.54 0 2.502-1.667 1.732-2.5L13.732 4c-.77-.833-1.732-.833-2.5 0L3.732 16.5c-.77.833.192 2.5 1.732 2.5z\"\u001b[39m\n            \u001b[33mstroke-linecap\u001b[39m=\u001b[32m\"round\"\u001b[39m\n            \u001b[33mstroke-linejoin\u001b[39m=\u001b[32m\"round\"\u001b[39m\n            \u001b[33mstroke-width\u001b[39m=\u001b[32m\"2\"\u001b[39m\n          \u001b[36m/>\u001b[39m\n        \u001b[36m</svg>\u001b[39m\n      \u001b[36m</div>\u001b[39m\n      \u001b[36m<h1\u001b[39m\n        \u001b[33mclass\u001b[39m=\u001b[32m\"text-2xl font-bold text-gray-900 mb-2\"\u001b[39m\n      \u001b[36m>\u001b[39m\n        \u001b[0mSomething went wrong\u001b[0m\n      \u001b[36m</h1>\u001b[39m\n      \u001b[36m<p\u001b[39m\n        \u001b[33mclass\u001b[39m=\u001b[32m\"text-gray-600 mb-6\"\u001b[39m\n      \u001b[36m>\u001b[39m\n        \u001b[0mAn unexpected error occurred. We apologize for the inconvenience.\u001b[0m\n      \u001b[36m</p>\u001b[39m\n      \u001b[36m<div\u001b[39m\n        \u001b[33mclass\u001b[39m=\u001b[32m\"space-y-3\"\u001b[39m\n      \u001b[36m>\u001b[39m\n        \u001b[36m<button\u001b[39m\n          \u001b[33maria-label\u001b[39m=\u001b[32m\"Try to recover from error\"\u001b[39m\n          \u001b[33mclass\u001b[39m=\u001b[32m\"w-full bg-blue-600 text-white py-2 px-4 rounded-md hover:bg-blue-700 focus:outline-none focus:ring-2 focus:ring-blue-500 focus:ring-offset-2 transition-colors duration-200 font-medium\"\u001b[39m\n        \u001b[36m>\u001b[39m\n          \u001b[0mTry Again\u001b[0m\n        \u001b[36m</button>\u001b[39m\n        \u001b[36m<button\u001b[39m\n          \u001b[33maria-label\u001b[39m=\u001b[32m\"Reload the page to reset the application\"\u001b[39m\n          \u001b[33mclass\u001b[39m=\u001b[32m\"w-full bg-gray-200 text-gray-800 py-2 px-4 rounded-md hover:bg-gray-300 focus:outline-none focus:ring-2 focus:ring-gray-500 focus:ring-offset-2 transition-colors duration-200 font-medium\"\u001b[39m\n        \u001b[36m>\u001b[39m\n          \u001b[0mReload Page\u001b[0m\n        \u001b[36m</button>\u001b[39m\n      \u001b[36m</div>\u001b[39m\n      \u001b[36m<p\u001b[39m\n        \u001b[33mclass\u001b[39m=\u001b[32m\"text-sm text-gray-500 mt-6\"\u001b[39m\n      \u001b[36m>\u001b[39m\n        \u001b[0mIf the problem persists, please try refreshing your browser or contact support.\u001b[0m\n      \u001b[36m</p>\u001b[39m\n    \u001b[36m</div>\u001b[39m\n  \u001b[36m</div>\u001b[39m\n\u001b[36m</div>\u001b[39m\n\nIgnored nodes: comments, script, style\n\u001b[36m<div\u001b[39m\n  \u001b[33maria-live\u001b[39m=\u001b[32m\"polite\"\u001b[39m\n  \u001b[33mclass\u001b[39m=\u001b[32m\"min-h-screen flex items-center justify-center bg-gray-50 py-12 px-4 sm:px-6 lg:px-8\"\u001b[39m\n  \u001b[33mdata-testid\u001b[39m=\u001b[32m\"error-boundary\"\u001b[39m\n  \u001b[33mrole\u001b[39m=\u001b[32m\"alert\"\u001b[39m\n\u001b[36m>\u001b[39m\n  \u001b[36m<div\u001b[39m\n    \u001b[33mclass\u001b[39m=\u001b[32m\"max-w-md w-full bg-white shadow-lg rounded-lg p-6\"\u001b[39m\n  \u001b[36m>\u001b[39m\n    \u001b[36m<div\u001b[39m\n      \u001b[33mclass\u001b[39m=\u001b[32m\"text-center\"\u001b[39m\n    \u001b[36m>\u001b[39m\n      \u001b[36m<div\u001b[39m\n        \u001b[33mclass\u001b[39m=\u001b[32m\"mx-auto h-12 w-12 text-red-500 mb-4\"\u001b[39m\n      \u001b[36m>\u001b[39m\n        \u001b[36m<svg\u001b[39m\n          \u001b[33maria-hidden\u001b[39m=\u001b[32m\"true\"\u001b[39m\n          \u001b[33mclass\u001b[39m=\u001b[32m\"h-full w-full\"\u001b[39m\n          \u001b[33mfill\u001b[39m=\u001b[32m\"none\"\u001b[39m\n          \u001b[33mstroke\u001b[39m=\u001b[32m\"currentColor\"\u001b[39m\n          \u001b[33mviewBox\u001b[39m=\u001b[32m\"0 0 24 24\"\u001b[39m\n        \u001b[36m>\u001b[39m\n          \u001b[36m<path\u001b[39m\n            \u001b[33md\u001b[39m=\u001b[32m\"M12 9v2m0 4h.01m-6.938 4h13.856c1.54 0 2.502-1.667 1.732-2.5L13.732 4c-.77-.833-1.732-.833-2.5 0L3.732 16.5c-.77.833.192 2.5 1.732 2.5z\"\u001b[39m\n            \u001b[33mstroke-linecap\u001b[39m=\u001b[32m\"round\"\u001b[39m\n            \u001b[33mstroke-linejoin\u001b[39m=\u001b[32m\"round\"\u001b[39m\n            \u001b[33mstroke-width\u001b[39m=\u001b[32m\"2\"\u001b[39m\n          \u001b[36m/>\u001b[39m\n        \u001b[36m</svg>\u001b[39m\n      \u001b[36m</div>\u001b[39m\n      \u001b[36m<h1\u001b[39m\n        \u001b[33mclass\u001b[39m=\u001b[32m\"text-2xl font-bold text-gray-900 mb-2\"\u001b[39m\n      \u001b[36m>\u001b[39m\n        \u001b[0mSomething went wrong\u001b[0m\n      \u001b[36m</h1>\u001b[39m\n      \u001b[36m<p\u001b[39m\n        \u001b[33mclass\u001b[39m=\u001b[32m\"text-gray-600 mb-6\"\u001b[39m\n      \u001b[36m>\u001b[39m\n        \u001b[0mAn unexpected error occurred. We apologize for the inconvenience.\u001b[0m\n      \u001b[36m</p>\u001b[39m\n      \u001b[36m<div\u001b[39m\n        \u001b[33mclass\u001b[39m=\u001b[32m\"space-y-3\"\u001b[39m\n      \u001b[36m>\u001b[39m\n        \u001b[36m<button\u001b[39m\n          \u001b[33maria-label\u001b[39m=\u001b[32m\"Try to recover from error\"\u001b[39m\n          \u001b[33mclass\u001b[39m=\u001b[32m\"w-full bg-blue-600 text-white py-2 px-4 rounded-md hover:bg-blue-700 focus:outline-none focus:ring-2 focus:ring-blue-500 focus:ring-offset-2 transition-colors duration-200 font-medium\"\u001b[39m\n        \u001b[36m>\u001b[39m\n          \u001b[0mTry Again\u001b[0m\n        \u001b[36m</button>\u001b[39m\n        \u001b[36m<button\u001b[39m\n          \u001b[33maria-label\u001b[39m=\u001b[32m\"Reload the page to reset the application\"\u001b[39m\n          \u001b[33mclass\u001b[39m=\u001b[32m\"w-full bg-gray-200 text-gray-800 py-2 px-4 rounded-md hover:bg-gray-300 focus:outline-none focus:ring-2 focus:ring-gray-500 focus:ring-offset-2 transition-colors duration-200 font-medium\"\u001b[39m\n        \u001b[36m>\u001b[39m\n          \u001b[0mReload Page\u001b[0m\n        \u001b[36m</button>\u001b[39m\n      \u001b[36m</div>\u001b[39m\n      \u001b[36m<p\u001b[39m\n        \u001b[33mclass\u001b[39m=\u001b[32m\"text-sm text-gray-500 mt-6\"\u001b[39m\n      \u001b[36m>\u001b[39m\n        \u001b[0mIf the problem persists, please try refreshing your browser or contact support.\u001b[0m\n      \u001b[36m</p>\u001b[39m\n    \u001b[36m</div>\u001b[39m\n  \u001b[36m</div>\u001b[39m\n\u001b[36m</div>\u001b[39m\n\n(If this is intentional, then use the `*AllBy*` variant of the query (like `queryAllByText`, `getAllByText`, or `findAllByText`)).\n\nIgnored nodes: comments, script, style\n\u001b[36m<body>\u001b[39m\n  \u001b[36m<div>\u001b[39m\n    \u001b[36m<div\u001b[39m\n      \u001b[33mclass\u001b[39m=\u001b[32m\"min-h-screen bg-gray-50 py-8\"\u001b[39m\n    \u001b[36m>\u001b[39m\n      \u001b[36m<div\u001b[39m\n        \u001b[33mclass\u001b[39m=\u001b[32m\"container mx-auto px-4 sm:px-6 lg:px-8\"\u001b[39m\n      \u001b[36m>\u001b[39m\n        \u001b[36m<header\u001b[39m\n          \u001b[33mclass\u001b[39m=\u001b[32m\"text-center mb-8\"\u001b[39m\n        \u001b[36m>\u001b[39m\n          \u001b[36m<h1\u001b[39m\n            \u001b[33mclass\u001b[39m=\u001b[32m\"text-3xl font-bold text-blue-700 mb-2\"\u001b[39m\n          \u001b[36m>\u001b[39m\n            \u001b[0mLong Weekend Optimizer\u001b[0m\n          \u001b[36m</h1>\u001b[39m\n          \u001b[36m<p\u001b[39m\n            \u001b[33mclass\u001b[39m=\u001b[32m\"text-gray-600\"\u001b[39m\n          \u001b[36m>\u001b[39m\n            \u001b[0mAdd your company holidays to find long weekends\u001b[0m\n          \u001b[36m</p>\u001b[39m\n        \u001b[36m</header>\u001b[39m\n        \u001b[36m<main\u001b[39m\n          \u001b[33mclass\u001b[39m=\u001b[32m\"space-y-8\"\u001b[39m\n        \u001b[36m>\u001b[39m\n          \u001b[36m<div\u001b[39m\n            \u001b[33maria-live\u001b[39m=\u001b[32m\"polite\"\u001b[39m\n            \u001b[33mclass\u001b[39m=\u001b[32m\"min-h-screen flex items-center justify-center bg-gray-50 py-12 px-4 sm:px-6 lg:px-8\"\u001b[39m\n            \u001b[33mdata-testid\u001b[39m=\u001b[32m\"error-boundary\"\u001b[39m\n            \u001b[33mrole\u001b[39m=\u001b[32m\"alert\"\u001b[39m\n          \u001b[36m>\u001b[39m\n            \u001b[36m<div\u001b[39m\n              \u001b[33mclass\u001b[39m=\u001b[32m\"max-w-md w-full bg-white shadow-lg rounded-lg p-6\"\u001b[39m\n            \u001b[36m>\u001b[39m\n              \u001b[36m<div\u001b[39m\n                \u001b[33mclass\u001b[39m=\u001b[32m\"text-center\"\u001b[39m\n              \u001b[36m>\u001b[39m\n                \u001b[36m<div\u001b[39m\n                  \u001b[33mclass\u001b[39m=\u001b[32m\"mx-auto h-12 w-12 text-red-500 mb-4\"\u001b[39m\n                \u001b[36m>\u001b[39m\n                  \u001b[36m<svg\u001b[39m\n                    \u001b[33maria-hidden\u001b[39m=\u001b[32m\"true\"\u001b[39m\n                    \u001b[33mclass\u001b[39m=\u001b[32m\"h-full w-full\"\u001b[39m\n                    \u001b[33mfill\u001b[39m=\u001b[32m\"none\"\u001b[39m\n                    \u001b[33mstroke\u001b[39m=\u001b[32m\"currentColor\"\u001b[39m\n                    \u001b[33mviewBox\u001b[39m=\u001b[32m\"0 0 24 24\"\u001b[39m\n                  \u001b[36m>\u001b[39m\n                    \u001b[36m<path\u001b[39m\n                      \u001b[33md\u001b[39m=\u001b[32m\"M12 9v2m0 4h.01m-6.938 4h13.856c1.54 0 2.502-1.667 1.732-2.5L13.732 4c-.77-.833-1.732-.833-2.5 0L3.732 16.5c-.77.833.192 2.5 1.732 2.5z\"\u001b[39m\n                      \u001b[33mstroke-linecap\u001b[39m=\u001b[32m\"round\"\u001b[39m\n                      \u001b[33mstroke-linejoin\u001b[39m=\u001b[32m\"round\"\u001b[39m\n                      \u001b[33mstroke-width\u001b[39m=\u001b[32m\"2\"\u001b[39m\n                    \u001b[36m/>\u001b[39m\n                  \u001b[36m</svg>\u001b[39m\n                \u001b[36m</div>\u001b[39m\n                \u001b[36m<h1\u001b[39m\n                  \u001b[33mclass\u001b[39m=\u001b[32m\"text-2xl font-bold text-gray-900 mb-2\"\u001b[39m\n                \u001b[36m>\u001b[39m\n                  \u001b[0mSomething went wrong\u001b[0m\n                \u001b[36m</h1>\u001b[39m\n                \u001b[36m<p\u001b[39m\n                  \u001b[33mclass\u001b[39m=\u001b[32m\"text-gray-600 mb-6\"\u001b[39m\n                \u001b[36m>\u001b[39m\n                  \u001b[0mAn unexpected error occurred. We apologize for the inconvenience.\u001b[0m\n                \u001b[36m</p>\u001b[39m\n                \u001b[36m<div\u001b[39m\n                  \u001b[33mclass\u001b[39m=\u001b[32m\"space-y-3\"\u001b[39m\n                \u001b[36m>\u001b[39m\n                  \u001b[36m<button\u001b[39m\n                    \u001b[33maria-label\u001b[39m=\u001b[32m\"Try to recover from error\"\u001b[39m\n                    \u001b[33mclass\u001b[39m=\u001b[32m\"w-full bg-blue-600 text-white py-2 px-4 rounded-md hover:bg-blue-700 focus:outline-none focus:ring-2 focus:ring-blue-500 focus:ring-offset-2 transition-colors duration-200 font-medium\"\u001b[39m\n                  \u001b[36m>\u001b[39m\n                    \u001b[0mTry Again\u001b[0m\n                  \u001b[36m</button>\u001b[39m\n                  \u001b[36m<button\u001b[39m\n                    \u001b[33maria-label\u001b[39m=\u001b[32m\"Reload the page to reset the application\"\u001b[39m\n                    \u001b[33mclass\u001b[39m=\u001b[32m\"w-full bg-gray-200 text-gray-800 py-2 px-4 rounded-md hover:bg-gray-300 focus:outline-none focus:ring-2 focus:ring-gray-500 focus:ring-offset-2 transition-colors duration-200 font-medium\"\u001b[39m\n                  \u001b[36m>\u001b[39m\n                    \u001b[0mReload Page\u001b[0m\n                  \u001b[36m</button>\u001b[39m\n                \u001b[36m</div>\u001b[39m\n                \u001b[36m<p\u001b[39m\n                  \u001b[33mclass\u001b[39m=\u001b[32m\"text-sm text-gray-500 mt-6\"\u001b[39m\n                \u001b[36m>\u001b[39m\n                  \u001b[0mIf the problem persists, please try refreshing your browser or contact support.\u001b[0m\n                \u001b[36m</p>\u001b[39m\n              \u001b[36m</div>\u001b[39m\n            \u001b[36m</div>\u001b[39m\n          \u001b[36m</div>\u001b[39m\n          \u001b[36m<div\u001b[39m\n            \u001b[33maria-live\u001b[39m=\u001b[32m\"polite\"\u001b[39m\n            \u001b[33mclass\u001b[39m=\u001b[32m\"min-h-screen flex items-center justify-center bg-gray-50 py-12 px-4 sm:px-6 lg:px-8\"\u001b[39m\n            \u001b[33mdata-testid\u001b[39m=\u001b[32m\"error-boundary\"\u001b[39m\n            \u001b[33mrole\u001b[39m=\u001b[32m\"alert\"\u001b[39m\n          \u001b[36m>\u001b[39m\n            \u001b[36m<div\u001b[39m\n              \u001b[33mclass\u001b[39m=\u001b[32m\"max-w-md w-full bg-white shadow-lg rounded-lg p-6\"\u001b[39m\n            \u001b[36m>\u001b[39m\n              \u001b[36m<div\u001b[39m\n                \u001b[33mclass\u001b[39m=\u001b[32m\"text-center\"\u001b[39m\n              \u001b[36m>\u001b[39m\n                \u001b[36m<div\u001b[39m\n                  \u001b[33mclass\u001b[39m=\u001b[32m\"mx-auto h-12 w-12 text-red-500 mb-4\"\u001b[39m\n                \u001b[36m>\u001b[39m\n                  \u001b[36m<svg\u001b[39m\n                    \u001b[33maria-hidden\u001b[39m=\u001b[32m\"true\"\u001b[39m\n                    \u001b[33mclass\u001b[39m=\u001b[32m\"h-full w-full\"\u001b[39m\n                    \u001b[33mfill\u001b[39m=\u001b[32m\"none\"\u001b[39m\n                    \u001b[33mstroke\u001b[39m=\u001b[32m\"currentColor\"\u001b[39m\n                    \u001b[33mviewBox\u001b[39m=\u001b[32m\"0 0 24 24\"\u001b[39m\n                  \u001b[36m>\u001b[39m\n                    \u001b[36m<path\u001b[39m\n                      \u001b[33md\u001b[39m=\u001b[32m\"M12 9v2m0 4h.01m-6.938 4h13.856c1.54 0 2.502-1.667 1.732-2.5L13.732 4c-.77-.833-1.732-.833-2.5 0L3.732 16.5c-.77.833.192 2.5 1.732 2.5z\"\u001b[39m\n                      \u001b[33mstroke-linecap\u001b[39m=\u001b[32m\"round\"\u001b[39m\n                      \u001b[33mstroke-linejoin\u001b[39m=\u001b[32m\"round\"\u001b[39m\n                      \u001b[33mstroke-width\u001b[39m=\u001b[32m\"2\"\u001b[39m\n                    \u001b[36m/>\u001b[39m\n                  \u001b[36m</svg>\u001b[39m\n                \u001b[36m</div>\u001b[39m\n                \u001b[36m<h1\u001b[39m\n                  \u001b[33mclass\u001b[39m=\u001b[32m\"text-2xl font-bold text-gray-900 mb-2\"\u001b[39m\n                \u001b[36m>\u001b[39m\n                  \u001b[0mSomething went wrong\u001b[0m\n                \u001b[36m</h1>\u001b[39m\n                \u001b[36m<p\u001b[39m\n                  \u001b[33mclass\u001b[39m=\u001b[32m\"text-gray-600 mb-6\"\u001b[39m\n                \u001b[36m>\u001b[39m\n                  \u001b[0mAn unexpected error occurred. We apologize for the inconvenience.\u001b[0m\n                \u001b[36m</p>\u001b[39m\n                \u001b[36m<div\u001b[39m\n                  \u001b[33mclass\u001b[39m=\u001b[32m\"space-y-3\"\u001b[39m\n                \u001b[36m>\u001b[39m\n                  \u001b[36m<button\u001b[39m\n                    \u001b[33maria-label\u001b[39m=\u001b[32m\"Try to recover from error\"\u001b[39m\n                    \u001b[33mclass\u001b[39m=\u001b[32m\"w-full bg-blue-600 text-white py-2 px-4 rounded-md hover:bg-blue-700 focus:outline-none focus:ring-2 focus:ring-blue-500 focus:ring-offset-2 transition-colors duration-200 font-medium\"\u001b[39m\n                  \u001b[36m>\u001b[39m\n                    \u001b[0mTry Again\u001b[0m\n                  \u001b[36m</button>\u001b[39m\n                  \u001b[36m<button\u001b[39m\n                    \u001b[33maria-label\u001b[39m=\u001b[32m\"Reload the page to reset the application\"\u001b[39m\n                    \u001b[33mclass\u001b[39m=\u001b[32m\"w-full bg-gray-200 text-gray-800 py-2 px-4 rounded-md hover:bg-gray-300 focus:outline-none focus:ring-2 focus:ring-gray-500 focus:ring-offset-2 transition-colors duration-200 font-medium\"\u001b[39m\n                  \u001b[36m>\u001b[39m\n                    \u001b[0mReload Page\u001b[0m\n                  \u001b[36m</button>\u001b[39m\n                \u001b[36m</div>\u001b[39m\n                \u001b[36m<p\u001b[39m\n                  \u001b[33mclass\u001b[39m=\u001b[32m\"text-sm text-gray-500 mt-6\"\u001b[39m\n                \u001b[36m>\u001b[39m\n                  \u001b[0mIf the problem persists, please try refreshing your browser or contact support.\u001b[0m\n                \u001b[36m</p>\u001b[39m\n              \u001b[36m</div>\u001b[39m\n            \u001b[36m</div>\u001b[39m\n          \u001b[36m</div>\u001b[39m\n          \u001b[36m<div\u001b[39m\n            \u001b[33maria-live\u001b[39m=\u001b[32m\"polite\"\u001b[39m\n            \u001b[33mclass\u001b[39m=\u001b[32m\"min-h-screen flex items-center justify-center bg-gray-50 py-12 px-4 sm:px-6 lg:px-8\"\u001b[39m\n            \u001b[33mdata-testid\u001b[39m=\u001b[32m\"error-boundary\"\u001b[39m\n            \u001b[33mrole\u001b[39m=\u001b[32m\"alert\"\u001b[39m\n          \u001b[36m>\u001b[39m\n            \u001b[36m<div\u001b[39m\n              \u001b[33mclass\u001b[39m=\u001b[32m\"max-w-md w-full bg-white shadow-lg rounded-lg p-6\"\u001b[39m\n            \u001b[36m>\u001b[39m\n              \u001b[36m<div\u001b[39m\n                \u001b[33mclass\u001b[39m=\u001b[32m\"text-center\"\u001b[39m\n              \u001b[36m>\u001b[39m\n                \u001b[36m<div\u001b[39m\n                  \u001b[33mclass\u001b[39m=\u001b[32m\"mx-auto h-12 w-12 text-red-500 mb-4\"\u001b[39m\n                \u001b[36m>\u001b[39m\n                  \u001b[36m<svg\u001b[39m\n                    \u001b[33maria-hidden\u001b[39m=\u001b[32m\"true\"\u001b[39m\n                    \u001b[33mclass\u001b[39m=\u001b[32m\"h-full w-full\"\u001b[39m\n                    \u001b[33mfill\u001b[39m=\u001b[32m\"none\"\u001b[39m\n                    \u001b[33mstroke\u001b[39m=\u001b[32m\"currentColor\"\u001b[39m\n                    \u001b[33mviewBox\u001b[39m=\u001b[32m\"0 0 24 24\"\u001b[39m\n                  \u001b[36m>\u001b[39m\n                    \u001b[36m<path\u001b[39m\n                      \u001b[33md\u001b[39m=\u001b[32m\"M12 9v2m0 4h.01m-6.938 4h13.856c1.54 0 2.502-1.667 1.732-2.5L13.732 4c-.77-.833-1.732-.833-2.5 0L3.732 16.5c-.77.833.192 2.5 1.732 2.5z\"\u001b[39m\n                      \u001b[33mstroke-linecap\u001b[39m=\u001b[32m\"round\"\u001b[39m\n                      \u001b[33mstroke-linejoin\u001b[39m=\u001b[32m\"round\"\u001b[39m\n                      \u001b[33mstroke-width\u001b[39m=\u001b[32m\"2\"\u001b[39m\n                    \u001b[36m/>\u001b[39m\n                  \u001b[36m</svg>\u001b[39m\n                \u001b[36m</div>\u001b[39m\n                \u001b[36m<h1\u001b[39m\n                  \u001b[33mclass\u001b[39m=\u001b[32m\"text-2xl font-bold text-gray-900 mb-2\"\u001b[39m\n                \u001b[36m>\u001b[39m\n                  \u001b[0mSomething went wrong\u001b[0m\n                \u001b[36m</h1>\u001b[39m\n                \u001b[36m<p\u001b[39m\n                  \u001b[33mclass\u001b[39m=\u001b[32m\"text-gray-600 mb-6\"\u001b[39m\n                \u001b[36m>\u001b[39m\n                  \u001b[0mAn unexpected error occurred. We apologize for the inconvenience.\u001b[0m\n                \u001b[36m</p>\u001b[39m\n                \u001b[36m<div\u001b[39m\n                  \u001b[33mclass\u001b[39m=\u001b[32m\"space-y-3\"\u001b[39m\n                \u001b[36m>\u001b[39m\n                  \u001b[36m<button\u001b[39m\n                    \u001b[33maria-label\u001b[39m=\u001b[32m\"Try to recover from error\"\u001b[39m\n                    \u001b[33mclass\u001b[39m=\u001b[32m\"w-full bg-blue-600 text-white py-2 px-4 rounded-md hover:bg-blue-700 focus:outline-none focus:ring-2 focus:ring-blue-500 focus:ring-offset-2 transition-colors duration-200 font-medium\"\u001b[39m\n                  \u001b[36m>\u001b[39m\n                    \u001b[0mTry Again\u001b[0m\n                  \u001b[36m</button>\u001b[39m\n                  \u001b[36m<button\u001b[39m\n                    \u001b[33maria-label\u001b[39m=\u001b[32m\"Reload the page to reset the application\"\u001b[39m\n                    \u001b[33mclass\u001b[39m=\u001b[32m\"w-full bg-gray-200 text-gray-800 py-2 px-4 rounded-md hover:bg-gray-300 focus:outline-none focus:ring-2 focus:ring-gray-500 focus:ring-offset-2 transition-colors duration-200 font-medium\"\u001b[39m\n                  \u001b[36m>\u001b[39m\n                    \u001b[0mReload Page\u001b[0m\n                  \u001b[36m</button>\u001b[39m\n                \u001b[36m</div>\u001b[39m\n                \u001b[36m<p\u001b[39m\n                  \u001b[33mclass\u001b[39m=\u001b[32m\"text-sm text-gray-500 mt-6\"\u001b[39m\n                \u001b[36m>\u001b[39m\n                  \u001b[0mIf the problem persists, please try refreshing your browser or contact support.\u001b[0m\n                \u001b[36m</p>\u001b[39m\n              \u001b[36m</div>\u001b[39m\n            \u001b[36m</div>\u001b[39m\n          \u001b[36m</div>\u001b[39m\n        \u001b[36m</main>\u001b[39m\n      \u001b[36m</div>\u001b[39m\n    \u001b[36m</div>\u001b[39m\n  \u001b[36m</div>\u001b[39m\n\u001b[36m</body>\u001b[39m"],"location":{"line":37,"column":19}},{"ancestorTitles":["","ErrorBoundary Integration","Integration with App Components"],"fullName":" ErrorBoundary Integration Integration with App Components should handle errors in context providers","status":"failed","title":"should handle errors in context providers","duration":4,"failureMessages":["Unable to find an element by: [data-testid=\"error-boundary\"]\n\nIgnored nodes: comments, script, style\n\u001b[36m<body>\u001b[39m\n  \u001b[36m<div>\u001b[39m\n    \u001b[36m<div>\u001b[39m\n      \u001b[0mChild content\u001b[0m\n    \u001b[36m</div>\u001b[39m\n  \u001b[36m</div>\u001b[39m\n\u001b[36m</body>\u001b[39m"],"location":{"line":37,"column":19}},{"ancestorTitles":["","ErrorBoundary Integration","Integration with App Components"],"fullName":" ErrorBoundary Integration Integration with App Components should handle errors in localStorage service integration","status":"failed","title":"should handle errors in localStorage service integration","duration":16,"failureMessages":["Found multiple elements by: [data-testid=\"error-boundary\"]\n\nHere are the matching elements:\n\nIgnored nodes: comments, script, style\n\u001b[36m<div\u001b[39m\n  \u001b[33maria-live\u001b[39m=\u001b[32m\"polite\"\u001b[39m\n  \u001b[33mclass\u001b[39m=\u001b[32m\"min-h-screen flex items-center justify-center bg-gray-50 py-12 px-4 sm:px-6 lg:px-8\"\u001b[39m\n  \u001b[33mdata-testid\u001b[39m=\u001b[32m\"error-boundary\"\u001b[39m\n  \u001b[33mrole\u001b[39m=\u001b[32m\"alert\"\u001b[39m\n\u001b[36m>\u001b[39m\n  \u001b[36m<div\u001b[39m\n    \u001b[33mclass\u001b[39m=\u001b[32m\"max-w-md w-full bg-white shadow-lg rounded-lg p-6\"\u001b[39m\n  \u001b[36m>\u001b[39m\n    \u001b[36m<div\u001b[39m\n      \u001b[33mclass\u001b[39m=\u001b[32m\"text-center\"\u001b[39m\n    \u001b[36m>\u001b[39m\n      \u001b[36m<div\u001b[39m\n        \u001b[33mclass\u001b[39m=\u001b[32m\"mx-auto h-12 w-12 text-red-500 mb-4\"\u001b[39m\n      \u001b[36m>\u001b[39m\n        \u001b[36m<svg\u001b[39m\n          \u001b[33maria-hidden\u001b[39m=\u001b[32m\"true\"\u001b[39m\n          \u001b[33mclass\u001b[39m=\u001b[32m\"h-full w-full\"\u001b[39m\n          \u001b[33mfill\u001b[39m=\u001b[32m\"none\"\u001b[39m\n          \u001b[33mstroke\u001b[39m=\u001b[32m\"currentColor\"\u001b[39m\n          \u001b[33mviewBox\u001b[39m=\u001b[32m\"0 0 24 24\"\u001b[39m\n        \u001b[36m>\u001b[39m\n          \u001b[36m<path\u001b[39m\n            \u001b[33md\u001b[39m=\u001b[32m\"M12 9v2m0 4h.01m-6.938 4h13.856c1.54 0 2.502-1.667 1.732-2.5L13.732 4c-.77-.833-1.732-.833-2.5 0L3.732 16.5c-.77.833.192 2.5 1.732 2.5z\"\u001b[39m\n            \u001b[33mstroke-linecap\u001b[39m=\u001b[32m\"round\"\u001b[39m\n            \u001b[33mstroke-linejoin\u001b[39m=\u001b[32m\"round\"\u001b[39m\n            \u001b[33mstroke-width\u001b[39m=\u001b[32m\"2\"\u001b[39m\n          \u001b[36m/>\u001b[39m\n        \u001b[36m</svg>\u001b[39m\n      \u001b[36m</div>\u001b[39m\n      \u001b[36m<h1\u001b[39m\n        \u001b[33mclass\u001b[39m=\u001b[32m\"text-2xl font-bold text-gray-900 mb-2\"\u001b[39m\n      \u001b[36m>\u001b[39m\n        \u001b[0mSomething went wrong\u001b[0m\n      \u001b[36m</h1>\u001b[39m\n      \u001b[36m<p\u001b[39m\n        \u001b[33mclass\u001b[39m=\u001b[32m\"text-gray-600 mb-6\"\u001b[39m\n      \u001b[36m>\u001b[39m\n        \u001b[0mAn unexpected error occurred. We apologize for the inconvenience.\u001b[0m\n      \u001b[36m</p>\u001b[39m\n      \u001b[36m<div\u001b[39m\n        \u001b[33mclass\u001b[39m=\u001b[32m\"space-y-3\"\u001b[39m\n      \u001b[36m>\u001b[39m\n        \u001b[36m<button\u001b[39m\n          \u001b[33maria-label\u001b[39m=\u001b[32m\"Try to recover from error\"\u001b[39m\n          \u001b[33mclass\u001b[39m=\u001b[32m\"w-full bg-blue-600 text-white py-2 px-4 rounded-md hover:bg-blue-700 focus:outline-none focus:ring-2 focus:ring-blue-500 focus:ring-offset-2 transition-colors duration-200 font-medium\"\u001b[39m\n        \u001b[36m>\u001b[39m\n          \u001b[0mTry Again\u001b[0m\n        \u001b[36m</button>\u001b[39m\n        \u001b[36m<button\u001b[39m\n          \u001b[33maria-label\u001b[39m=\u001b[32m\"Reload the page to reset the application\"\u001b[39m\n          \u001b[33mclass\u001b[39m=\u001b[32m\"w-full bg-gray-200 text-gray-800 py-2 px-4 rounded-md hover:bg-gray-300 focus:outline-none focus:ring-2 focus:ring-gray-500 focus:ring-offset-2 transition-colors duration-200 font-medium\"\u001b[39m\n        \u001b[36m>\u001b[39m\n          \u001b[0mReload Page\u001b[0m\n        \u001b[36m</button>\u001b[39m\n      \u001b[36m</div>\u001b[39m\n      \u001b[36m<p\u001b[39m\n        \u001b[33mclass\u001b[39m=\u001b[32m\"text-sm text-gray-500 mt-6\"\u001b[39m\n      \u001b[36m>\u001b[39m\n        \u001b[0mIf the problem persists, please try refreshing your browser or contact support.\u001b[0m\n      \u001b[36m</p>\u001b[39m\n    \u001b[36m</div>\u001b[39m\n  \u001b[36m</div>\u001b[39m\n\u001b[36m</div>\u001b[39m\n\nIgnored nodes: comments, script, style\n\u001b[36m<div\u001b[39m\n  \u001b[33maria-live\u001b[39m=\u001b[32m\"polite\"\u001b[39m\n  \u001b[33mclass\u001b[39m=\u001b[32m\"min-h-screen flex items-center justify-center bg-gray-50 py-12 px-4 sm:px-6 lg:px-8\"\u001b[39m\n  \u001b[33mdata-testid\u001b[39m=\u001b[32m\"error-boundary\"\u001b[39m\n  \u001b[33mrole\u001b[39m=\u001b[32m\"alert\"\u001b[39m\n\u001b[36m>\u001b[39m\n  \u001b[36m<div\u001b[39m\n    \u001b[33mclass\u001b[39m=\u001b[32m\"max-w-md w-full bg-white shadow-lg rounded-lg p-6\"\u001b[39m\n  \u001b[36m>\u001b[39m\n    \u001b[36m<div\u001b[39m\n      \u001b[33mclass\u001b[39m=\u001b[32m\"text-center\"\u001b[39m\n    \u001b[36m>\u001b[39m\n      \u001b[36m<div\u001b[39m\n        \u001b[33mclass\u001b[39m=\u001b[32m\"mx-auto h-12 w-12 text-red-500 mb-4\"\u001b[39m\n      \u001b[36m>\u001b[39m\n        \u001b[36m<svg\u001b[39m\n          \u001b[33maria-hidden\u001b[39m=\u001b[32m\"true\"\u001b[39m\n          \u001b[33mclass\u001b[39m=\u001b[32m\"h-full w-full\"\u001b[39m\n          \u001b[33mfill\u001b[39m=\u001b[32m\"none\"\u001b[39m\n          \u001b[33mstroke\u001b[39m=\u001b[32m\"currentColor\"\u001b[39m\n          \u001b[33mviewBox\u001b[39m=\u001b[32m\"0 0 24 24\"\u001b[39m\n        \u001b[36m>\u001b[39m\n          \u001b[36m<path\u001b[39m\n            \u001b[33md\u001b[39m=\u001b[32m\"M12 9v2m0 4h.01m-6.938 4h13.856c1.54 0 2.502-1.667 1.732-2.5L13.732 4c-.77-.833-1.732-.833-2.5 0L3.732 16.5c-.77.833.192 2.5 1.732 2.5z\"\u001b[39m\n            \u001b[33mstroke-linecap\u001b[39m=\u001b[32m\"round\"\u001b[39m\n            \u001b[33mstroke-linejoin\u001b[39m=\u001b[32m\"round\"\u001b[39m\n            \u001b[33mstroke-width\u001b[39m=\u001b[32m\"2\"\u001b[39m\n          \u001b[36m/>\u001b[39m\n        \u001b[36m</svg>\u001b[39m\n      \u001b[36m</div>\u001b[39m\n      \u001b[36m<h1\u001b[39m\n        \u001b[33mclass\u001b[39m=\u001b[32m\"text-2xl font-bold text-gray-900 mb-2\"\u001b[39m\n      \u001b[36m>\u001b[39m\n        \u001b[0mSomething went wrong\u001b[0m\n      \u001b[36m</h1>\u001b[39m\n      \u001b[36m<p\u001b[39m\n        \u001b[33mclass\u001b[39m=\u001b[32m\"text-gray-600 mb-6\"\u001b[39m\n      \u001b[36m>\u001b[39m\n        \u001b[0mAn unexpected error occurred. We apologize for the inconvenience.\u001b[0m\n      \u001b[36m</p>\u001b[39m\n      \u001b[36m<div\u001b[39m\n        \u001b[33mclass\u001b[39m=\u001b[32m\"space-y-3\"\u001b[39m\n      \u001b[36m>\u001b[39m\n        \u001b[36m<button\u001b[39m\n          \u001b[33maria-label\u001b[39m=\u001b[32m\"Try to recover from error\"\u001b[39m\n          \u001b[33mclass\u001b[39m=\u001b[32m\"w-full bg-blue-600 text-white py-2 px-4 rounded-md hover:bg-blue-700 focus:outline-none focus:ring-2 focus:ring-blue-500 focus:ring-offset-2 transition-colors duration-200 font-medium\"\u001b[39m\n        \u001b[36m>\u001b[39m\n          \u001b[0mTry Again\u001b[0m\n        \u001b[36m</button>\u001b[39m\n        \u001b[36m<button\u001b[39m\n          \u001b[33maria-label\u001b[39m=\u001b[32m\"Reload the page to reset the application\"\u001b[39m\n          \u001b[33mclass\u001b[39m=\u001b[32m\"w-full bg-gray-200 text-gray-800 py-2 px-4 rounded-md hover:bg-gray-300 focus:outline-none focus:ring-2 focus:ring-gray-500 focus:ring-offset-2 transition-colors duration-200 font-medium\"\u001b[39m\n        \u001b[36m>\u001b[39m\n          \u001b[0mReload Page\u001b[0m\n        \u001b[36m</button>\u001b[39m\n      \u001b[36m</div>\u001b[39m\n      \u001b[36m<p\u001b[39m\n        \u001b[33mclass\u001b[39m=\u001b[32m\"text-sm text-gray-500 mt-6\"\u001b[39m\n      \u001b[36m>\u001b[39m\n        \u001b[0mIf the problem persists, please try refreshing your browser or contact support.\u001b[0m\n      \u001b[36m</p>\u001b[39m\n    \u001b[36m</div>\u001b[39m\n  \u001b[36m</div>\u001b[39m\n\u001b[36m</div>\u001b[39m\n\nIgnored nodes: comments, script, style\n\u001b[36m<div\u001b[39m\n  \u001b[33maria-live\u001b[39m=\u001b[32m\"polite\"\u001b[39m\n  \u001b[33mclass\u001b[39m=\u001b[32m\"min-h-screen flex items-center justify-center bg-gray-50 py-12 px-4 sm:px-6 lg:px-8\"\u001b[39m\n  \u001b[33mdata-testid\u001b[39m=\u001b[32m\"error-boundary\"\u001b[39m\n  \u001b[33mrole\u001b[39m=\u001b[32m\"alert\"\u001b[39m\n\u001b[36m>\u001b[39m\n  \u001b[36m<div\u001b[39m\n    \u001b[33mclass\u001b[39m=\u001b[32m\"max-w-md w-full bg-white shadow-lg rounded-lg p-6\"\u001b[39m\n  \u001b[36m>\u001b[39m\n    \u001b[36m<div\u001b[39m\n      \u001b[33mclass\u001b[39m=\u001b[32m\"text-center\"\u001b[39m\n    \u001b[36m>\u001b[39m\n      \u001b[36m<div\u001b[39m\n        \u001b[33mclass\u001b[39m=\u001b[32m\"mx-auto h-12 w-12 text-red-500 mb-4\"\u001b[39m\n      \u001b[36m>\u001b[39m\n        \u001b[36m<svg\u001b[39m\n          \u001b[33maria-hidden\u001b[39m=\u001b[32m\"true\"\u001b[39m\n          \u001b[33mclass\u001b[39m=\u001b[32m\"h-full w-full\"\u001b[39m\n          \u001b[33mfill\u001b[39m=\u001b[32m\"none\"\u001b[39m\n          \u001b[33mstroke\u001b[39m=\u001b[32m\"currentColor\"\u001b[39m\n          \u001b[33mviewBox\u001b[39m=\u001b[32m\"0 0 24 24\"\u001b[39m\n        \u001b[36m>\u001b[39m\n          \u001b[36m<path\u001b[39m\n            \u001b[33md\u001b[39m=\u001b[32m\"M12 9v2m0 4h.01m-6.938 4h13.856c1.54 0 2.502-1.667 1.732-2.5L13.732 4c-.77-.833-1.732-.833-2.5 0L3.732 16.5c-.77.833.192 2.5 1.732 2.5z\"\u001b[39m\n            \u001b[33mstroke-linecap\u001b[39m=\u001b[32m\"round\"\u001b[39m\n            \u001b[33mstroke-linejoin\u001b[39m=\u001b[32m\"round\"\u001b[39m\n            \u001b[33mstroke-width\u001b[39m=\u001b[32m\"2\"\u001b[39m\n          \u001b[36m/>\u001b[39m\n        \u001b[36m</svg>\u001b[39m\n      \u001b[36m</div>\u001b[39m\n      \u001b[36m<h1\u001b[39m\n        \u001b[33mclass\u001b[39m=\u001b[32m\"text-2xl font-bold text-gray-900 mb-2\"\u001b[39m\n      \u001b[36m>\u001b[39m\n        \u001b[0mSomething went wrong\u001b[0m\n      \u001b[36m</h1>\u001b[39m\n      \u001b[36m<p\u001b[39m\n        \u001b[33mclass\u001b[39m=\u001b[32m\"text-gray-600 mb-6\"\u001b[39m\n      \u001b[36m>\u001b[39m\n        \u001b[0mAn unexpected error occurred. We apologize for the inconvenience.\u001b[0m\n      \u001b[36m</p>\u001b[39m\n      \u001b[36m<div\u001b[39m\n        \u001b[33mclass\u001b[39m=\u001b[32m\"space-y-3\"\u001b[39m\n      \u001b[36m>\u001b[39m\n        \u001b[36m<button\u001b[39m\n          \u001b[33maria-label\u001b[39m=\u001b[32m\"Try to recover from error\"\u001b[39m\n          \u001b[33mclass\u001b[39m=\u001b[32m\"w-full bg-blue-600 text-white py-2 px-4 rounded-md hover:bg-blue-700 focus:outline-none focus:ring-2 focus:ring-blue-500 focus:ring-offset-2 transition-colors duration-200 font-medium\"\u001b[39m\n        \u001b[36m>\u001b[39m\n          \u001b[0mTry Again\u001b[0m\n        \u001b[36m</button>\u001b[39m\n        \u001b[36m<button\u001b[39m\n          \u001b[33maria-label\u001b[39m=\u001b[32m\"Reload the page to reset the application\"\u001b[39m\n          \u001b[33mclass\u001b[39m=\u001b[32m\"w-full bg-gray-200 text-gray-800 py-2 px-4 rounded-md hover:bg-gray-300 focus:outline-none focus:ring-2 focus:ring-gray-500 focus:ring-offset-2 transition-colors duration-200 font-medium\"\u001b[39m\n        \u001b[36m>\u001b[39m\n          \u001b[0mReload Page\u001b[0m\n        \u001b[36m</button>\u001b[39m\n      \u001b[36m</div>\u001b[39m\n      \u001b[36m<p\u001b[39m\n        \u001b[33mclass\u001b[39m=\u001b[32m\"text-sm text-gray-500 mt-6\"\u001b[39m\n      \u001b[36m>\u001b[39m\n        \u001b[0mIf the problem persists, please try refreshing your browser or contact support.\u001b[0m\n      \u001b[36m</p>\u001b[39m\n    \u001b[36m</div>\u001b[39m\n  \u001b[36m</div>\u001b[39m\n\u001b[36m</div>\u001b[39m\n\n(If this is intentional, then use the `*AllBy*` variant of the query (like `queryAllByText`, `getAllByText`, or `findAllByText`)).\n\nIgnored nodes: comments, script, style\n\u001b[36m<body>\u001b[39m\n  \u001b[36m<div>\u001b[39m\n    \u001b[36m<div\u001b[39m\n      \u001b[33mclass\u001b[39m=\u001b[32m\"min-h-screen bg-gray-50 py-8\"\u001b[39m\n    \u001b[36m>\u001b[39m\n      \u001b[36m<div\u001b[39m\n        \u001b[33mclass\u001b[39m=\u001b[32m\"container mx-auto px-4 sm:px-6 lg:px-8\"\u001b[39m\n      \u001b[36m>\u001b[39m\n        \u001b[36m<header\u001b[39m\n          \u001b[33mclass\u001b[39m=\u001b[32m\"text-center mb-8\"\u001b[39m\n        \u001b[36m>\u001b[39m\n          \u001b[36m<h1\u001b[39m\n            \u001b[33mclass\u001b[39m=\u001b[32m\"text-3xl font-bold text-blue-700 mb-2\"\u001b[39m\n          \u001b[36m>\u001b[39m\n            \u001b[0mLong Weekend Optimizer\u001b[0m\n          \u001b[36m</h1>\u001b[39m\n          \u001b[36m<p\u001b[39m\n            \u001b[33mclass\u001b[39m=\u001b[32m\"text-gray-600\"\u001b[39m\n          \u001b[36m>\u001b[39m\n            \u001b[0mAdd your company holidays to find long weekends\u001b[0m\n          \u001b[36m</p>\u001b[39m\n        \u001b[36m</header>\u001b[39m\n        \u001b[36m<main\u001b[39m\n          \u001b[33mclass\u001b[39m=\u001b[32m\"space-y-8\"\u001b[39m\n        \u001b[36m>\u001b[39m\n          \u001b[36m<div\u001b[39m\n            \u001b[33maria-live\u001b[39m=\u001b[32m\"polite\"\u001b[39m\n            \u001b[33mclass\u001b[39m=\u001b[32m\"min-h-screen flex items-center justify-center bg-gray-50 py-12 px-4 sm:px-6 lg:px-8\"\u001b[39m\n            \u001b[33mdata-testid\u001b[39m=\u001b[32m\"error-boundary\"\u001b[39m\n            \u001b[33mrole\u001b[39m=\u001b[32m\"alert\"\u001b[39m\n          \u001b[36m>\u001b[39m\n            \u001b[36m<div\u001b[39m\n              \u001b[33mclass\u001b[39m=\u001b[32m\"max-w-md w-full bg-white shadow-lg rounded-lg p-6\"\u001b[39m\n            \u001b[36m>\u001b[39m\n              \u001b[36m<div\u001b[39m\n                \u001b[33mclass\u001b[39m=\u001b[32m\"text-center\"\u001b[39m\n              \u001b[36m>\u001b[39m\n                \u001b[36m<div\u001b[39m\n                  \u001b[33mclass\u001b[39m=\u001b[32m\"mx-auto h-12 w-12 text-red-500 mb-4\"\u001b[39m\n                \u001b[36m>\u001b[39m\n                  \u001b[36m<svg\u001b[39m\n                    \u001b[33maria-hidden\u001b[39m=\u001b[32m\"true\"\u001b[39m\n                    \u001b[33mclass\u001b[39m=\u001b[32m\"h-full w-full\"\u001b[39m\n                    \u001b[33mfill\u001b[39m=\u001b[32m\"none\"\u001b[39m\n                    \u001b[33mstroke\u001b[39m=\u001b[32m\"currentColor\"\u001b[39m\n                    \u001b[33mviewBox\u001b[39m=\u001b[32m\"0 0 24 24\"\u001b[39m\n                  \u001b[36m>\u001b[39m\n                    \u001b[36m<path\u001b[39m\n                      \u001b[33md\u001b[39m=\u001b[32m\"M12 9v2m0 4h.01m-6.938 4h13.856c1.54 0 2.502-1.667 1.732-2.5L13.732 4c-.77-.833-1.732-.833-2.5 0L3.732 16.5c-.77.833.192 2.5 1.732 2.5z\"\u001b[39m\n                      \u001b[33mstroke-linecap\u001b[39m=\u001b[32m\"round\"\u001b[39m\n                      \u001b[33mstroke-linejoin\u001b[39m=\u001b[32m\"round\"\u001b[39m\n                      \u001b[33mstroke-width\u001b[39m=\u001b[32m\"2\"\u001b[39m\n                    \u001b[36m/>\u001b[39m\n                  \u001b[36m</svg>\u001b[39m\n                \u001b[36m</div>\u001b[39m\n                \u001b[36m<h1\u001b[39m\n                  \u001b[33mclass\u001b[39m=\u001b[32m\"text-2xl font-bold text-gray-900 mb-2\"\u001b[39m\n                \u001b[36m>\u001b[39m\n                  \u001b[0mSomething went wrong\u001b[0m\n                \u001b[36m</h1>\u001b[39m\n                \u001b[36m<p\u001b[39m\n                  \u001b[33mclass\u001b[39m=\u001b[32m\"text-gray-600 mb-6\"\u001b[39m\n                \u001b[36m>\u001b[39m\n                  \u001b[0mAn unexpected error occurred. We apologize for the inconvenience.\u001b[0m\n                \u001b[36m</p>\u001b[39m\n                \u001b[36m<div\u001b[39m\n                  \u001b[33mclass\u001b[39m=\u001b[32m\"space-y-3\"\u001b[39m\n                \u001b[36m>\u001b[39m\n                  \u001b[36m<button\u001b[39m\n                    \u001b[33maria-label\u001b[39m=\u001b[32m\"Try to recover from error\"\u001b[39m\n                    \u001b[33mclass\u001b[39m=\u001b[32m\"w-full bg-blue-600 text-white py-2 px-4 rounded-md hover:bg-blue-700 focus:outline-none focus:ring-2 focus:ring-blue-500 focus:ring-offset-2 transition-colors duration-200 font-medium\"\u001b[39m\n                  \u001b[36m>\u001b[39m\n                    \u001b[0mTry Again\u001b[0m\n                  \u001b[36m</button>\u001b[39m\n                  \u001b[36m<button\u001b[39m\n                    \u001b[33maria-label\u001b[39m=\u001b[32m\"Reload the page to reset the application\"\u001b[39m\n                    \u001b[33mclass\u001b[39m=\u001b[32m\"w-full bg-gray-200 text-gray-800 py-2 px-4 rounded-md hover:bg-gray-300 focus:outline-none focus:ring-2 focus:ring-gray-500 focus:ring-offset-2 transition-colors duration-200 font-medium\"\u001b[39m\n                  \u001b[36m>\u001b[39m\n                    \u001b[0mReload Page\u001b[0m\n                  \u001b[36m</button>\u001b[39m\n                \u001b[36m</div>\u001b[39m\n                \u001b[36m<p\u001b[39m\n                  \u001b[33mclass\u001b[39m=\u001b[32m\"text-sm text-gray-500 mt-6\"\u001b[39m\n                \u001b[36m>\u001b[39m\n                  \u001b[0mIf the problem persists, please try refreshing your browser or contact support.\u001b[0m\n                \u001b[36m</p>\u001b[39m\n              \u001b[36m</div>\u001b[39m\n            \u001b[36m</div>\u001b[39m\n          \u001b[36m</div>\u001b[39m\n          \u001b[36m<div\u001b[39m\n            \u001b[33maria-live\u001b[39m=\u001b[32m\"polite\"\u001b[39m\n            \u001b[33mclass\u001b[39m=\u001b[32m\"min-h-screen flex items-center justify-center bg-gray-50 py-12 px-4 sm:px-6 lg:px-8\"\u001b[39m\n            \u001b[33mdata-testid\u001b[39m=\u001b[32m\"error-boundary\"\u001b[39m\n            \u001b[33mrole\u001b[39m=\u001b[32m\"alert\"\u001b[39m\n          \u001b[36m>\u001b[39m\n            \u001b[36m<div\u001b[39m\n              \u001b[33mclass\u001b[39m=\u001b[32m\"max-w-md w-full bg-white shadow-lg rounded-lg p-6\"\u001b[39m\n            \u001b[36m>\u001b[39m\n              \u001b[36m<div\u001b[39m\n                \u001b[33mclass\u001b[39m=\u001b[32m\"text-center\"\u001b[39m\n              \u001b[36m>\u001b[39m\n                \u001b[36m<div\u001b[39m\n                  \u001b[33mclass\u001b[39m=\u001b[32m\"mx-auto h-12 w-12 text-red-500 mb-4\"\u001b[39m\n                \u001b[36m>\u001b[39m\n                  \u001b[36m<svg\u001b[39m\n                    \u001b[33maria-hidden\u001b[39m=\u001b[32m\"true\"\u001b[39m\n                    \u001b[33mclass\u001b[39m=\u001b[32m\"h-full w-full\"\u001b[39m\n                    \u001b[33mfill\u001b[39m=\u001b[32m\"none\"\u001b[39m\n                    \u001b[33mstroke\u001b[39m=\u001b[32m\"currentColor\"\u001b[39m\n                    \u001b[33mviewBox\u001b[39m=\u001b[32m\"0 0 24 24\"\u001b[39m\n                  \u001b[36m>\u001b[39m\n                    \u001b[36m<path\u001b[39m\n                      \u001b[33md\u001b[39m=\u001b[32m\"M12 9v2m0 4h.01m-6.938 4h13.856c1.54 0 2.502-1.667 1.732-2.5L13.732 4c-.77-.833-1.732-.833-2.5 0L3.732 16.5c-.77.833.192 2.5 1.732 2.5z\"\u001b[39m\n                      \u001b[33mstroke-linecap\u001b[39m=\u001b[32m\"round\"\u001b[39m\n                      \u001b[33mstroke-linejoin\u001b[39m=\u001b[32m\"round\"\u001b[39m\n                      \u001b[33mstroke-width\u001b[39m=\u001b[32m\"2\"\u001b[39m\n                    \u001b[36m/>\u001b[39m\n                  \u001b[36m</svg>\u001b[39m\n                \u001b[36m</div>\u001b[39m\n                \u001b[36m<h1\u001b[39m\n                  \u001b[33mclass\u001b[39m=\u001b[32m\"text-2xl font-bold text-gray-900 mb-2\"\u001b[39m\n                \u001b[36m>\u001b[39m\n                  \u001b[0mSomething went wrong\u001b[0m\n                \u001b[36m</h1>\u001b[39m\n                \u001b[36m<p\u001b[39m\n                  \u001b[33mclass\u001b[39m=\u001b[32m\"text-gray-600 mb-6\"\u001b[39m\n                \u001b[36m>\u001b[39m\n                  \u001b[0mAn unexpected error occurred. We apologize for the inconvenience.\u001b[0m\n                \u001b[36m</p>\u001b[39m\n                \u001b[36m<div\u001b[39m\n                  \u001b[33mclass\u001b[39m=\u001b[32m\"space-y-3\"\u001b[39m\n                \u001b[36m>\u001b[39m\n                  \u001b[36m<button\u001b[39m\n                    \u001b[33maria-label\u001b[39m=\u001b[32m\"Try to recover from error\"\u001b[39m\n                    \u001b[33mclass\u001b[39m=\u001b[32m\"w-full bg-blue-600 text-white py-2 px-4 rounded-md hover:bg-blue-700 focus:outline-none focus:ring-2 focus:ring-blue-500 focus:ring-offset-2 transition-colors duration-200 font-medium\"\u001b[39m\n                  \u001b[36m>\u001b[39m\n                    \u001b[0mTry Again\u001b[0m\n                  \u001b[36m</button>\u001b[39m\n                  \u001b[36m<button\u001b[39m\n                    \u001b[33maria-label\u001b[39m=\u001b[32m\"Reload the page to reset the application\"\u001b[39m\n                    \u001b[33mclass\u001b[39m=\u001b[32m\"w-full bg-gray-200 text-gray-800 py-2 px-4 rounded-md hover:bg-gray-300 focus:outline-none focus:ring-2 focus:ring-gray-500 focus:ring-offset-2 transition-colors duration-200 font-medium\"\u001b[39m\n                  \u001b[36m>\u001b[39m\n                    \u001b[0mReload Page\u001b[0m\n                  \u001b[36m</button>\u001b[39m\n                \u001b[36m</div>\u001b[39m\n                \u001b[36m<p\u001b[39m\n                  \u001b[33mclass\u001b[39m=\u001b[32m\"text-sm text-gray-500 mt-6\"\u001b[39m\n                \u001b[36m>\u001b[39m\n                  \u001b[0mIf the problem persists, please try refreshing your browser or contact support.\u001b[0m\n                \u001b[36m</p>\u001b[39m\n              \u001b[36m</div>\u001b[39m\n            \u001b[36m</div>\u001b[39m\n          \u001b[36m</div>\u001b[39m\n          \u001b[36m<div\u001b[39m\n            \u001b[33maria-live\u001b[39m=\u001b[32m\"polite\"\u001b[39m\n            \u001b[33mclass\u001b[39m=\u001b[32m\"min-h-screen flex items-center justify-center bg-gray-50 py-12 px-4 sm:px-6 lg:px-8\"\u001b[39m\n            \u001b[33mdata-testid\u001b[39m=\u001b[32m\"error-boundary\"\u001b[39m\n            \u001b[33mrole\u001b[39m=\u001b[32m\"alert\"\u001b[39m\n          \u001b[36m>\u001b[39m\n            \u001b[36m<div\u001b[39m\n              \u001b[33mclass\u001b[39m=\u001b[32m\"max-w-md w-full bg-white shadow-lg rounded-lg p-6\"\u001b[39m\n            \u001b[36m>\u001b[39m\n              \u001b[36m<div\u001b[39m\n                \u001b[33mclass\u001b[39m=\u001b[32m\"text-center\"\u001b[39m\n              \u001b[36m>\u0
[...]
ation":0,"failureMessages":[]},{"ancestorTitles":["","GitHub Pages Deployment Edge Cases","Browser Compatibility Edge Cases"],"fullName":" GitHub Pages Deployment Edge Cases Browser Compatibility Edge Cases should handle mobile browser limitations","status":"failed","title":"should handle mobile browser limitations","duration":1,"failureMessages":["Cannot find module '../../services/localStorageService'\nRequire stack:\n- /workspace/src/deployment/__tests__/github-pages-deployment-edge-cases.test.ts"],"location":{"line":328,"column":14}},{"ancestorTitles":["","GitHub Pages Deployment Edge Cases","Rollback and Recovery Edge Cases"],"fullName":" GitHub Pages Deployment Edge Cases Rollback and Recovery Edge Cases should handle rollback to previous working deployment","status":"passed","title":"should handle rollback to previous working deployment","duration":0,"failureMessages":[]},{"ancestorTitles":["","GitHub Pages Deployment Edge Cases","Rollback and Recovery Edge Cases"],"fullName":" GitHub Pages Deployment Edge Cases Rollback and Recovery Edge Cases should handle partial deployment failures","status":"passed","title":"should handle partial deployment failures","duration":0,"failureMessages":[]}],"startTime":1764422931959,"endTime":1764422936987,"status":"failed","message":"","name":"/workspace/src/deployment/__tests__/github-pages-deployment-edge-cases.test.ts"},{"assertionResults":[{"ancestorTitles":["","AC5: Local storage functionality works in deployed environment","HTTPS Environment LocalStorage Access"],"fullName":" AC5: Local storage functionality works in deployed environment HTTPS Environment LocalStorage Access should detect localStorage availability in HTTPS production environment","status":"passed","title":"should detect localStorage availability in HTTPS production environment","duration":12,"failureMessages":[]},{"ancestorTitles":["","AC5: Local storage functionality works in deployed environment","HTTPS Environment LocalStorage Access"],"fullName":" AC5: Local storage functionality works in deployed environment HTTPS Environment LocalStorage Access should operate correctly with HTTPS security context","status":"passed","title":"should operate correctly with HTTPS security context","duration":9,"failureMessages":[]},{"ancestorTitles":["","AC5: Local storage functionality works in deployed environment","HTTPS Environment LocalStorage Access"],"fullName":" AC5: Local storage functionality works in deployed environment HTTPS Environment LocalStorage Access should handle secure context restrictions properly","status":"failed","title":"should handle secure context restrictions properly","duration":14,"failureMessages":["expected { type: 'SECURITY_ERROR', …(2) } to deeply equal { type: 'SECURITY_ERROR', …(2) }"],"location":{"line":85,"column":22}},{"ancestorTitles":["","AC5: Local storage functionality works in deployed environment","Cross-Origin and iframe Context Handling"],"fullName":" AC5: Local storage functionality works in deployed environment Cross-Origin and iframe Context Handling should detect when running in iframe context","status":"failed","title":"should detect when running in iframe context","duration":8,"failureMessages":["Cannot redefine property: top"],"location":{"line":97,"column":14}},{"ancestorTitles":["","AC5: Local storage functionality works in deployed environment","Cross-Origin and iframe Context Handling"],"fullName":" AC5: Local storage functionality works in deployed environment Cross-Origin and iframe Context Handling should handle storage access in third-party context restrictions","status":"passed","title":"should handle storage access in third-party context restrictions","duration":5,"failureMessages":[]},{"ancestorTitles":["","AC5: Local storage functionality works in deployed environment","Storage Persistence and Data Integrity"],"fullName":" AC5: Local storage functionality works in deployed environment Storage Persistence and Data Integrity should maintain data persistence across page reloads in production","status":"passed","title":"should maintain data persistence across page reloads in production","duration":5,"failureMessages":[]},{"ancestorTitles":["","AC5: Local storage functionality works in deployed environment","Storage Persistence and Data Integrity"],"fullName":" AC5: Local storage functionality works in deployed environment Storage Persistence and Data Integrity should handle storage quota limitations in production browser contexts","status":"failed","title":"should handle storage quota limitations in production browser contexts","duration":7,"failureMessages":["expected { type: 'SECURITY_ERROR', …(2) } to deeply equal { type: 'QUOTA_EXCEEDED', …(2) }"],"location":{"line":169,"column":22}},{"ancestorTitles":["","AC5: Local storage functionality works in deployed environment","Storage Persistence and Data Integrity"],"fullName":" AC5: Local storage functionality works in deployed environment Storage Persistence and Data Integrity should detect and handle storage corruption in production","status":"passed","title":"should detect and handle storage corruption in production","duration":15,"failureMessages":[]},{"ancestorTitles":["","AC5: Local storage functionality works in deployed environment","Storage Performance in Production"],"fullName":" AC5: Local storage functionality works in deployed environment Storage Performance in Production should optimize storage operations for production performance","status":"passed","title":"should optimize storage operations for production performance","duration":11,"failureMessages":[]},{"ancestorTitles":["","AC5: Local storage functionality works in deployed environment","Storage Performance in Production"],"fullName":" AC5: Local storage functionality works in deployed environment Storage Performance in Production should batch storage operations for better performance","status":"failed","title":"should batch storage operations for better performance","duration":7,"failureMessages":["expected [ [Function], [Function], [Function] ] to have a length of 1 but got 3"],"location":{"line":243,"column":26}},{"ancestorTitles":["","AC5: Local storage functionality works in deployed environment","Storage Quota Management in Production"],"fullName":" AC5: Local storage functionality works in deployed environment Storage Quota Management in Production should provide accurate storage quota information","status":"passed","title":"should provide accurate storage quota information","duration":4,"failureMessages":[]},{"ancestorTitles":["","AC5: Local storage functionality works in deployed environment","Storage Quota Management in Production"],"fullName":" AC5: Local storage functionality works in deployed environment Storage Quota Management in Production should warn when approaching storage limits","status":"passed","title":"should warn when approaching storage limits","duration":4,"failureMessages":[]},{"ancestorTitles":["","AC5: Local storage functionality works in deployed environment","Production Storage Security"],"fullName":" AC5: Local storage functionality works in deployed environment Production Storage Security should not store sensitive information in localStorage","status":"passed","title":"should not store sensitive information in localStorage","duration":8,"failureMessages":[]},{"ancestorTitles":["","AC5: Local storage functionality works in deployed environment","Production Storage Security"],"fullName":" AC5: Local storage functionality works in deployed environment Production Storage Security should sanitize data before storage","status":"passed","title":"should sanitize data before storage","duration":5,"failureMessages":[]},{"ancestorTitles":["","AC5: Local storage functionality works in deployed environment","Browser Compatibility in Production"],"fullName":" AC5: Local storage functionality works in deployed environment Browser Compatibility in Production should work with different browser storage implementations","status":"passed","title":"should work with different browser storage implementations","duration":7,"failureMessages":[]}],"startTime":1764422938533,"endTime":1764422938654,"status":"failed","message":"","name":"/workspace/src/deployment/__tests__/localStorage-production.test.ts"},{"assertionResults":[{"ancestorTitles":["","AC2: Application successfully serves from GitHub Pages URL"],"fullName":" AC2: Application successfully serves from GitHub Pages URL should be accessible from production GitHub Pages URL","status":"passed","title":"should be accessible from production GitHub Pages URL","duration":2,"failureMessages":[]},{"ancestorTitles":["","AC2: Application successfully serves from GitHub Pages URL"],"fullName":" AC2: Application successfully serves from GitHub Pages URL should have proper meta tags for production deployment","status":"passed","title":"should have proper meta tags for production deployment","duration":1,"failureMessages":[]},{"ancestorTitles":["","AC2: Application successfully serves from GitHub Pages URL"],"fullName":" AC2: Application successfully serves from GitHub Pages URL should serve from secure HTTPS connection","status":"passed","title":"should serve from secure HTTPS connection","duration":1,"failureMessages":[]},{"ancestorTitles":["","AC2: Application successfully serves from GitHub Pages URL"],"fullName":" AC2: Application successfully serves from GitHub Pages URL should have proper CSP headers for security","status":"passed","title":"should have proper CSP headers for security","duration":1,"failureMessages":[]},{"ancestorTitles":["","AC4: Deployment process includes proper build optimization and error handling"],"fullName":" AC4: Deployment process includes proper build optimization and error handling should generate optimized bundle with proper file naming","status":"failed","title":"should generate optimized bundle with proper file naming","duration":7,"failureMessages":["expected '\\n        <!DOCTYPE html>\\n        <h…' to match /assets\\/index-[a…/index-[a-f0-9]{8}\\.js"],"location":{"line":126,"column":18}},{"ancestorTitles":["","AC4: Deployment process includes proper build optimization and error handling"],"fullName":" AC4: Deployment process includes proper build optimization and error handling should compress static assets for faster loading","status":"passed","title":"should compress static assets for faster loading","duration":0,"failureMessages":[]},{"ancestorTitles":["","AC4: Deployment process includes proper build optimization and error handling"],"fullName":" AC4: Deployment process includes proper build optimization and error handling should have proper error boundaries in production","status":"passed","title":"should have proper error boundaries in production","duration":0,"failureMessages":[]},{"ancestorTitles":["","AC4: Deployment process includes proper build optimization and error handling"],"fullName":" AC4: Deployment process includes proper build optimization and error handling should have deployment health check endpoint","status":"passed","title":"should have deployment health check endpoint","duration":0,"failureMessages":[]},{"ancestorTitles":["","Production Environment Configuration"],"fullName":" Production Environment Configuration should have proper base path configuration for GitHub Pages","status":"failed","title":"should have proper base path configuration for GitHub Pages","duration":116,"failureMessages":["Invariant violation: \"new TextEncoder().encode(\"\") instanceof Uint8Array\" is incorrectly false\n\nThis indicates that your JavaScript environment is broken. You cannot use\nesbuild in this environment because esbuild relies on this invariant. This\nis not a problem with esbuild. You need to fix your environment instead.\n"],"location":{"line":201,"column":9}},{"ancestorTitles":["","Production Environment Configuration"],"fullName":" Production Environment Configuration should have proper build output configuration","status":"failed","title":"should have proper build output configuration","duration":1,"failureMessages":["Invariant violation: \"new TextEncoder().encode(\"\") instanceof Uint8Array\" is incorrectly false\n\nThis indicates that your JavaScript environment is broken. You cannot use\nesbuild in this environment because esbuild relies on this invariant. This\nis not a problem with esbuild. You need to fix your environment instead.\n"],"location":{"line":201,"column":9}},{"ancestorTitles":["","Production Environment Configuration"],"fullName":" Production Environment Configuration should have environment-specific configuration","status":"passed","title":"should have environment-specific configuration","duration":1,"failureMessages":[]},{"ancestorTitles":["","Deployment Rollback and Recovery"],"fullName":" Deployment Rollback and Recovery should maintain previous versions for rollback capability","status":"passed","title":"should maintain previous versions for rollback capability","duration":1,"failureMessages":[]},{"ancestorTitles":["","Deployment Rollback and Recovery"],"fullName":" Deployment Rollback and Recovery should have deployment logs and monitoring","status":"passed","title":"should have deployment logs and monitoring","duration":0,"failureMessages":[]}],"startTime":1764422937687,"endTime":1764422937819,"status":"failed","message":"","name":"/workspace/src/deployment/__tests__/production-deployment.test.ts"},{"assertionResults":[],"startTime":1764271086718,"endTime":1764271086718,"status":"failed","message":"Transform failed with 1 error:\n/workspace/src/deployment/__tests__/responsive-design-production.test.ts:55:61: ERROR: Expected \">\" but found \"onSubmit\"","name":"/workspace/src/deployment/__tests__/responsive-design-production.test.ts"},{"assertionResults":[{"ancestorTitles":["","AC3: All static assets load correctly in production environment","CSS Stylesheets Loading"],"fullName":" AC3: All static assets load correctly in production environment CSS Stylesheets Loading should load main CSS bundle successfully","status":"passed","title":"should load main CSS bundle successfully","duration":1,"failureMessages":[]},{"ancestorTitles":["","AC3: All static assets load correctly in production environment","CSS Stylesheets Loading"],"fullName":" AC3: All static assets load correctly in production environment CSS Stylesheets Loading should load vendor CSS dependencies","status":"passed","title":"should load vendor CSS dependencies","duration":1,"failureMessages":[]},{"ancestorTitles":["","AC3: All static assets load correctly in production environment","CSS Stylesheets Loading"],"fullName":" AC3: All static assets load correctly in production environment CSS Stylesheets Loading should have CSS that loads without 404 errors","status":"passed","title":"should have CSS that loads without 404 errors","duration":0,"failureMessages":[]},{"ancestorTitles":["","AC3: All static assets load correctly in production environment","JavaScript Bundles Loading"],"fullName":" AC3: All static assets load correctly in production environment JavaScript Bundles Loading should load main JavaScript bundle successfully","status":"passed","title":"should load main JavaScript bundle successfully","duration":1,"failureMessages":[]},{"ancestorTitles":["","AC3: All static assets load correctly in production environment","JavaScript Bundles Loading"],"fullName":" AC3: All static assets load correctly in production environment JavaScript Bundles Loading should have properly compressed JavaScript bundles","status":"passed","title":"should have properly compressed JavaScript bundles","duration":0,"failureMessages":[]},{"ancestorTitles":["","AC3: All static assets load correctly in production environment","JavaScript Bundles Loading"],"fullName":" AC3: All static assets load correctly in production environment JavaScript Bundles Loading should load vendor JavaScript dependencies","status":"passed","title":"should load vendor JavaScript dependencies","duration":0,"failureMessages":[]},{"ancestorTitles":["","AC3: All static assets load correctly in production environment","Images and Media Assets"],"fullName":" AC3: All static assets load correctly in production environment Images and Media Assets should load application icon/favicon","status":"passed","title":"should load application icon/favicon","duration":1,"failureMessages":[]},{"ancestorTitles":["","AC3: All static assets load correctly in production environment","Images and Media Assets"],"fullName":" AC3: All static assets load correctly in production environment Images and Media Assets should load any required images for the application","status":"passed","title":"should load any required images for the application","duration":0,"failureMessages":[]},{"ancestorTitles":["","AC3: All static assets load correctly in production environment","Images and Media Assets"],"fullName":" AC3: All static assets load correctly in production environment Images and Media Assets should have responsive image variants","status":"passed","title":"should have responsive image variants","duration":0,"failureMessages":[]},{"ancestorTitles":["","AC3: All static assets load correctly in production environment","Asset Path Resolution"],"fullName":" AC3: All static assets load correctly in production environment Asset Path Resolution should resolve relative asset paths correctly in GitHub Pages","status":"passed","title":"should resolve relative asset paths correctly in GitHub Pages","duration":1,"failureMessages":[]},{"ancestorTitles":["","AC3: All static assets load correctly in production environment","Asset Path Resolution"],"fullName":" AC3: All static assets load correctly in production environment Asset Path Resolution should handle asset loading in subdirectory deployment","status":"passed","title":"should handle asset loading in subdirectory deployment","duration":0,"failureMessages":[]},{"ancestorTitles":["","AC3: All static assets load correctly in production environment","Asset Performance Optimization"],"fullName":" AC3: All static assets load correctly in production environment Asset Performance Optimization should have proper caching headers for static assets","status":"passed","title":"should have proper caching headers for static assets","duration":1,"failureMessages":[]},{"ancestorTitles":["","AC3: All static assets load correctly in production environment","Asset Performance Optimization"],"fullName":" AC3: All static assets load correctly in production environment Asset Performance Optimization should serve assets from CDN edge locations","status":"failed","title":"should serve assets from CDN edge locations","duration":6,"failureMessages":["Cannot read properties of undefined (reading 'headers')"],"location":{"line":359,"column":23}},{"ancestorTitles":["","AC3: All static assets load correctly in production environment","Asset Performance Optimization"],"fullName":" AC3: All static assets load correctly in production environment Asset Performance Optimization should have preloaded critical assets","status":"passed","title":"should have preloaded critical assets","duration":1,"failureMessages":[]},{"ancestorTitles":["","AC3: All static assets load correctly in production environment","Error Handling for Asset Loading"],"fullName":" AC3: All static assets load correctly in production environment Error Handling for Asset Loading should handle missing assets gracefully","status":"passed","title":"should handle missing assets gracefully","duration":0,"failureMessages":[]},{"ancestorTitles":["","AC3: All static assets load correctly in production environment","Error Handling for Asset Loading"],"fullName":" AC3: All static assets load correctly in production environment Error Handling for Asset Loading should have fallback for critical assets","status":"passed","title":"should have fallback for critical assets","duration":0,"failureMessages":[]}],"startTime":1764422939352,"endTime":1764422939365,"status":"failed","message":"","name":"/workspace/src/deployment/__tests__/static-assets.test.ts"}]}